2023-04-05 13:50:46,815 [INFO] Activator:176 - 


2023-04-05 13:50:46,822 [INFO] Activator:177 - !SESSION log4j initialized
2023-04-05 13:50:56,539 [INFO] LogOutputStream:77 - [STDOUT_REDIRECT] 
2023-04-05 13:51:09,472 [INFO] ApplicationProperties:184 - Using Application install path: C:\ST\STM32CubeIDE_1.12.0\STM32CubeIDE\plugins\com.st.stm32cube.common.mx_6.8.0.202302231600
2023-04-05 13:51:09,506 [INFO] DbMcusXml:78 - Set database path to: C:\ST\STM32CubeIDE_1.12.0\STM32CubeIDE\plugins\com.st.stm32cube.common.mx_6.8.0.202302231600\\db\/mcu/
2023-04-05 13:51:09,506 [INFO] ApiDb:274 - Set plugin database path to: C:\ST\STM32CubeIDE_1.12.0\STM32CubeIDE\plugins\com.st.stm32cube.common.mx_6.8.0.202302231600\\db\/plugins/boardmanager/
2023-04-05 13:51:09,509 [WARN] ApiDb:259 - Overriding images path with different value:  => C:\ST\STM32CubeIDE_1.12.0\STM32CubeIDE\plugins\com.st.stm32cube.common.mx_6.8.0.202302231600\\db\/plugins/mcufinder/images/
2023-04-05 13:51:12,772 [WARN] ApiFinderProperties:113 - C:\Users\Judith\.stmcufinder\plugins\mcufinder\mcu\mcuFinder.mfd doesn't exist
2023-04-05 13:51:12,773 [INFO] ApiDb:250 - Set database path to: C:\Users\Judith\.stmcufinder\plugins\mcufinder//mcu/
2023-04-05 13:51:12,776 [INFO] DbMcusAds:125 - Set database path to: C:\Users\Judith\.stmcufinder\plugins\mcufinder//mcu/
2023-04-05 13:51:12,789 [INFO] CrossReferenceDbSqlite:203 - Set database path to: C:\Users\Judith\.stmcufinder\plugins\mcufinder//mcu/cs/
2023-04-05 13:51:12,986 [INFO] RulesReader:64 - Compatibility file has been processed (293 Rules)
2023-04-05 13:51:13,154 [INFO] DbMcusXml:78 - Set database path to: C:\ST\STM32CubeIDE_1.12.0\STM32CubeIDE\plugins\com.st.stm32cube.common.mx_6.8.0.202302231600\\db\/mcu/
2023-04-05 13:51:13,154 [INFO] ApiDb:274 - Set plugin database path to: C:\ST\STM32CubeIDE_1.12.0\STM32CubeIDE\plugins\com.st.stm32cube.common.mx_6.8.0.202302231600\\db\/plugins/boardmanager/
2023-04-05 13:51:13,154 [INFO] ApiDb:261 - Set plugin images path to: C:\ST\STM32CubeIDE_1.12.0\STM32CubeIDE\plugins\com.st.stm32cube.common.mx_6.8.0.202302231600\\db\/plugins/mcufinder/images/
2023-04-05 13:51:13,155 [WARN] DbFile:41 - Overriding database path with different value: C:\Users\Judith\.stmcufinder\plugins\mcufinder/ => C:\Users\Judith\.stmcufinder\plugins\mcufinder
2023-04-05 13:51:13,155 [INFO] ApiDb:250 - Set database path to: C:\Users\Judith\.stmcufinder\plugins\mcufinder//mcu/
2023-04-05 13:51:13,156 [WARN] DbFile:41 - Overriding database path with different value: C:\Users\Judith\.stmcufinder\plugins\mcufinder/ => C:\Users\Judith\.stmcufinder\plugins\mcufinder
2023-04-05 13:51:13,156 [INFO] DbMcusAds:125 - Set database path to: C:\Users\Judith\.stmcufinder\plugins\mcufinder//mcu/
2023-04-05 13:51:13,156 [WARN] DbFile:41 - Overriding database path with different value: C:\Users\Judith\.stmcufinder\plugins\mcufinder/ => C:\Users\Judith\.stmcufinder\plugins\mcufinder
2023-04-05 13:51:13,156 [WARN] DbFile:41 - Overriding database path with different value: C:\Users\Judith\.stmcufinder\plugins\mcufinder/ => C:\Users\Judith\.stmcufinder\plugins\mcufinder
2023-04-05 13:51:13,156 [INFO] CrossReferenceDbSqlite:203 - Set database path to: C:\Users\Judith\.stmcufinder\plugins\mcufinder//mcu/cs/
2023-04-05 13:51:13,300 [INFO] MainPanel:253 - HeapMemory: 268435456
2023-04-05 13:51:13,533 [INFO] DbMcusXml:78 - Set database path to: C:\ST\STM32CubeIDE_1.12.0\STM32CubeIDE\plugins\com.st.stm32cube.common.mx_6.8.0.202302231600\\db\/mcu/
2023-04-05 13:51:13,533 [INFO] ApiDb:274 - Set plugin database path to: C:\ST\STM32CubeIDE_1.12.0\STM32CubeIDE\plugins\com.st.stm32cube.common.mx_6.8.0.202302231600\\db\/plugins/boardmanager/
2023-04-05 13:51:13,533 [INFO] ApiDb:261 - Set plugin images path to: C:\ST\STM32CubeIDE_1.12.0\STM32CubeIDE\plugins\com.st.stm32cube.common.mx_6.8.0.202302231600\\db\/plugins/mcufinder/images/
2023-04-05 13:51:13,534 [WARN] DbFile:41 - Overriding database path with different value: C:\Users\Judith\.stmcufinder\plugins\mcufinder/ => C:\Users\Judith\.stmcufinder\plugins\mcufinder
2023-04-05 13:51:13,534 [INFO] ApiDb:250 - Set database path to: C:\Users\Judith\.stmcufinder\plugins\mcufinder//mcu/
2023-04-05 13:51:13,534 [WARN] DbFile:41 - Overriding database path with different value: C:\Users\Judith\.stmcufinder\plugins\mcufinder/ => C:\Users\Judith\.stmcufinder\plugins\mcufinder
2023-04-05 13:51:13,534 [INFO] DbMcusAds:125 - Set database path to: C:\Users\Judith\.stmcufinder\plugins\mcufinder//mcu/
2023-04-05 13:51:13,535 [WARN] DbFile:41 - Overriding database path with different value: C:\Users\Judith\.stmcufinder\plugins\mcufinder/ => C:\Users\Judith\.stmcufinder\plugins\mcufinder
2023-04-05 13:51:13,535 [WARN] DbFile:41 - Overriding database path with different value: C:\Users\Judith\.stmcufinder\plugins\mcufinder/ => C:\Users\Judith\.stmcufinder\plugins\mcufinder
2023-04-05 13:51:13,535 [INFO] CrossReferenceDbSqlite:203 - Set database path to: C:\Users\Judith\.stmcufinder\plugins\mcufinder//mcu/cs/
2023-04-05 13:51:13,566 [INFO] ApplicationProperties:184 - Using Application install path: C:\ST\STM32CubeIDE_1.12.0\STM32CubeIDE\plugins\com.st.stm32cube.common.mx_6.8.0.202302231600
2023-04-05 13:51:13,570 [INFO] PluginManage:196 - Search for loadable plugins [exclusion list=, ]
2023-04-05 13:51:13,572 [INFO] PluginManage:310 - Check plugin analytics
2023-04-05 13:51:18,510 [INFO] AnalyticsPlugin:253 - Accepted Software Licenses: 
2023-04-05 13:51:18,510 [INFO] AnalyticsPlugin:255 - Accepted CMSIS Pack Licenses: 
2023-04-05 13:51:18,512 [INFO] AnalyticsPlugin:257 - Accepted Firmware Licenses: 
2023-04-05 13:51:18,525 [INFO] PluginManage:359 - Loaded plugin analytics (category:tool,tabindex:-1)
2023-04-05 13:51:18,525 [INFO] PluginManage:310 - Check plugin cadmodel
2023-04-05 13:51:18,537 [INFO] CADModel:105 - Init CAD model plugin
2023-04-05 13:51:18,537 [INFO] PluginManage:359 - Loaded plugin cadmodel (category:power,tabindex:5)
2023-04-05 13:51:18,537 [INFO] PluginManage:310 - Check plugin clock
2023-04-05 13:51:18,560 [INFO] PluginManage:359 - Loaded plugin clock (category:base,tabindex:2)
2023-04-05 13:51:18,560 [INFO] PluginManage:310 - Check plugin ddr
2023-04-05 13:51:18,566 [INFO] PluginManage:359 - Loaded plugin ddr (category:tool,tabindex:6)
2023-04-05 13:51:18,567 [INFO] PluginManage:310 - Check plugin filemanager
2023-04-05 13:51:18,876 [INFO] PluginManage:359 - Loaded plugin filemanager (category:base,tabindex:10)
2023-04-05 13:51:18,876 [INFO] PluginManage:310 - Check plugin ipmanager
2023-04-05 13:51:18,892 [INFO] PluginManage:359 - Loaded plugin ipmanager (category:base,tabindex:5)
2023-04-05 13:51:18,892 [INFO] PluginManage:310 - Check plugin lpbam
2023-04-05 13:51:18,911 [INFO] PluginManage:359 - Loaded plugin lpbam (category:base,tabindex:0)
2023-04-05 13:51:18,911 [INFO] PluginManage:310 - Check plugin pinoutandconfiguration
2023-04-05 13:51:18,928 [INFO] PluginManage:359 - Loaded plugin pinoutandconfiguration (category:base,tabindex:1)
2023-04-05 13:51:18,929 [INFO] PluginManage:310 - Check plugin pinoutconfig
2023-04-05 13:51:19,084 [WARN] SupportedApi:132 - Cannot load RTOS API schema: s4s-elt-must-match.1: The content of 'definitions' must match (annotation?, (simpleType | complexType)?, (unique | key | keyref)*)). A problem was found starting at: attribute.
2023-04-05 13:51:19,475 [INFO] PluginManage:359 - Loaded plugin pinoutconfig (category:base,tabindex:0)
2023-04-05 13:51:19,476 [INFO] PluginManage:310 - Check plugin power
2023-04-05 13:51:19,519 [INFO] PluginManage:359 - Loaded plugin power (category:power,tabindex:4)
2023-04-05 13:51:19,520 [INFO] PluginManage:310 - Check plugin projectmanager
2023-04-05 13:51:19,553 [INFO] PluginManage:359 - Loaded plugin projectmanager (category:projectmanager,tabindex:3)
2023-04-05 13:51:19,553 [INFO] PluginManage:310 - Check plugin thirdparty
2023-04-05 13:51:19,819 [INFO] PluginManage:359 - Loaded plugin thirdparty (category:base,tabindex:-1)
2023-04-05 13:51:19,819 [WARN] IntegrityCheckThread:84 - waiting for thirdparty lock release [integrity check]
2023-04-05 13:51:19,819 [INFO] PluginManage:310 - Check plugin tools
2023-04-05 13:51:19,820 [INFO] IntegrityCheckThread:86 - entering critical section [integrity check]
2023-04-05 13:51:19,823 [INFO] ThirdPartyUpdaterWithRetryManager:70 - Updater plugin not ready yet. [1/15]
2023-04-05 13:51:19,825 [INFO] PluginManage:359 - Loaded plugin tools (category:base,tabindex:7)
2023-04-05 13:51:19,825 [INFO] PluginManage:310 - Check plugin tutovideos
2023-04-05 13:51:20,141 [INFO] PluginManage:359 - Loaded plugin tutovideos (category:base,tabindex:-1)
2023-04-05 13:51:20,141 [INFO] PluginManage:310 - Check plugin updater
2023-04-05 13:51:20,172 [INFO] PluginManage:359 - Loaded plugin updater (category:base,tabindex:12)
2023-04-05 13:51:20,173 [INFO] PluginManage:283 - PluginManage : Loaded plugins [15]
2023-04-05 13:51:20,662 [INFO] PinOutPanel:1499 - setPackage(No Configuration,No Configuration)
2023-04-05 13:51:20,772 [INFO] CADModel:165 - CPN selected for project level
2023-04-05 13:51:20,772 [INFO] CADModel:114 - Register for checkConnection events
2023-04-05 13:51:20,813 [INFO] IPUIPlugin:80 - create IPUIPlugin
2023-04-05 13:51:20,813 [INFO] PluginManager:220 - loadIPPluginJar : add adc
2023-04-05 13:51:20,822 [INFO] IPUIPlugin:80 - create IPUIPlugin
2023-04-05 13:51:20,823 [INFO] PluginManager:220 - loadIPPluginJar : add aes
2023-04-05 13:51:20,831 [INFO] IPUIPlugin:80 - create IPUIPlugin
2023-04-05 13:51:20,831 [INFO] PluginManager:220 - loadIPPluginJar : add can
2023-04-05 13:51:20,837 [INFO] IPUIPlugin:80 - create IPUIPlugin
2023-04-05 13:51:20,838 [INFO] PluginManager:220 - loadIPPluginJar : add comp
2023-04-05 13:51:20,848 [INFO] IPUIPlugin:80 - create IPUIPlugin
2023-04-05 13:51:20,848 [INFO] PluginManager:220 - loadIPPluginJar : add cryp
2023-04-05 13:51:20,857 [INFO] IPUIPlugin:80 - create IPUIPlugin
2023-04-05 13:51:20,858 [INFO] PluginManager:220 - loadIPPluginJar : add dfsdm
2023-04-05 13:51:20,878 [INFO] IPUIPlugin:80 - create IPUIPlugin
2023-04-05 13:51:20,879 [INFO] PluginManager:220 - loadIPPluginJar : add dma
2023-04-05 13:51:20,889 [INFO] IPUIPlugin:80 - create IPUIPlugin
2023-04-05 13:51:20,890 [INFO] PluginManager:220 - loadIPPluginJar : add dma3
2023-04-05 13:51:20,896 [INFO] IPUIPlugin:80 - create IPUIPlugin
2023-04-05 13:51:20,896 [INFO] PluginManager:220 - loadIPPluginJar : add fatfs
2023-04-05 13:51:20,911 [INFO] IPUIPlugin:80 - create IPUIPlugin
2023-04-05 13:51:20,911 [INFO] PluginManager:220 - loadIPPluginJar : add fmc
2023-04-05 13:51:20,925 [INFO] IPUIPlugin:80 - create IPUIPlugin
2023-04-05 13:51:20,926 [INFO] PluginManager:220 - loadIPPluginJar : add freertos
2023-04-05 13:51:20,929 [INFO] IPUIPlugin:80 - create IPUIPlugin
2023-04-05 13:51:20,930 [INFO] PluginManager:220 - loadIPPluginJar : add genericplugin
2023-04-05 13:51:20,934 [INFO] IPUIPlugin:80 - create IPUIPlugin
2023-04-05 13:51:20,935 [INFO] PluginManager:220 - loadIPPluginJar : add gfxmmu
2023-04-05 13:51:20,945 [INFO] IPUIPlugin:80 - create IPUIPlugin
2023-04-05 13:51:20,946 [INFO] PluginManager:220 - loadIPPluginJar : add gic
2023-04-05 13:51:20,956 [INFO] IPUIPlugin:80 - create IPUIPlugin
2023-04-05 13:51:20,956 [INFO] PluginManager:220 - loadIPPluginJar : add gpio
2023-04-05 13:51:20,963 [INFO] IPUIPlugin:80 - create IPUIPlugin
2023-04-05 13:51:20,963 [INFO] PluginManager:220 - loadIPPluginJar : add gtzc
2023-04-05 13:51:20,969 [INFO] IPUIPlugin:80 - create IPUIPlugin
2023-04-05 13:51:20,969 [INFO] PluginManager:220 - loadIPPluginJar : add hash
2023-04-05 13:51:20,974 [INFO] IPUIPlugin:80 - create IPUIPlugin
2023-04-05 13:51:20,974 [INFO] PluginManager:220 - loadIPPluginJar : add i2c
2023-04-05 13:51:20,981 [INFO] IPUIPlugin:80 - create IPUIPlugin
2023-04-05 13:51:20,982 [INFO] PluginManager:220 - loadIPPluginJar : add i2s
2023-04-05 13:51:20,987 [INFO] IPUIPlugin:80 - create IPUIPlugin
2023-04-05 13:51:20,988 [INFO] PluginManager:220 - loadIPPluginJar : add i3c
2023-04-05 13:51:20,995 [INFO] IPUIPlugin:80 - create IPUIPlugin
2023-04-05 13:51:20,995 [INFO] PluginManager:220 - loadIPPluginJar : add ipddr
2023-04-05 13:51:21,006 [INFO] IPUIPlugin:80 - create IPUIPlugin
2023-04-05 13:51:21,006 [INFO] PluginManager:220 - loadIPPluginJar : add linkedlist
2023-04-05 13:51:21,011 [INFO] IPUIPlugin:80 - create IPUIPlugin
2023-04-05 13:51:21,011 [INFO] PluginManager:220 - loadIPPluginJar : add lorawan
2023-04-05 13:51:21,015 [INFO] IPUIPlugin:80 - create IPUIPlugin
2023-04-05 13:51:21,016 [INFO] PluginManager:220 - loadIPPluginJar : add ltdc
2023-04-05 13:51:21,027 [INFO] IPUIPlugin:80 - create IPUIPlugin
2023-04-05 13:51:21,027 [INFO] PluginManager:220 - loadIPPluginJar : add mdma
2023-04-05 13:51:21,034 [INFO] IPUIPlugin:80 - create IPUIPlugin
2023-04-05 13:51:21,035 [INFO] PluginManager:220 - loadIPPluginJar : add nvic
2023-04-05 13:51:21,040 [INFO] IPUIPlugin:80 - create IPUIPlugin
2023-04-05 13:51:21,040 [INFO] PluginManager:220 - loadIPPluginJar : add opamp
2023-04-05 13:51:21,047 [INFO] IPUIPlugin:80 - create IPUIPlugin
2023-04-05 13:51:21,047 [INFO] PluginManager:220 - loadIPPluginJar : add openamp
2023-04-05 13:51:21,054 [INFO] IPUIPlugin:80 - create IPUIPlugin
2023-04-05 13:51:21,054 [INFO] PluginManager:220 - loadIPPluginJar : add pdm2pcm
2023-04-05 13:51:21,067 [INFO] IPUIPlugin:80 - create IPUIPlugin
2023-04-05 13:51:21,072 [INFO] PluginManager:220 - loadIPPluginJar : add plateformsettings
2023-04-05 13:51:21,074 [INFO] IPUIPlugin:80 - create IPUIPlugin
2023-04-05 13:51:21,074 [INFO] PluginManager:220 - loadIPPluginJar : add quadspi
2023-04-05 13:51:21,083 [INFO] IPUIPlugin:80 - create IPUIPlugin
2023-04-05 13:51:21,083 [INFO] PluginManager:220 - loadIPPluginJar : add resmgrutility
2023-04-05 13:51:21,090 [INFO] IPUIPlugin:80 - create IPUIPlugin
2023-04-05 13:51:21,090 [INFO] PluginManager:220 - loadIPPluginJar : add sai
2023-04-05 13:51:21,094 [INFO] IPUIPlugin:80 - create IPUIPlugin
2023-04-05 13:51:21,095 [INFO] PluginManager:220 - loadIPPluginJar : add spi
2023-04-05 13:51:21,107 [INFO] IPUIPlugin:80 - create IPUIPlugin
2023-04-05 13:51:21,108 [INFO] PluginManager:220 - loadIPPluginJar : add stm32_wpan
2023-04-05 13:51:21,112 [INFO] IPUIPlugin:80 - create IPUIPlugin
2023-04-05 13:51:21,113 [INFO] PluginManager:220 - loadIPPluginJar : add tim
2023-04-05 13:51:21,120 [INFO] IPUIPlugin:80 - create IPUIPlugin
2023-04-05 13:51:21,120 [INFO] PluginManager:220 - loadIPPluginJar : add touchsensing
2023-04-05 13:51:21,124 [INFO] IPUIPlugin:80 - create IPUIPlugin
2023-04-05 13:51:21,124 [INFO] PluginManager:220 - loadIPPluginJar : add tracer_emb
2023-04-05 13:51:21,127 [INFO] IPUIPlugin:80 - create IPUIPlugin
2023-04-05 13:51:21,128 [INFO] PluginManager:220 - loadIPPluginJar : add ts
2023-04-05 13:51:21,132 [INFO] IPUIPlugin:80 - create IPUIPlugin
2023-04-05 13:51:21,132 [INFO] PluginManager:220 - loadIPPluginJar : add tsc
2023-04-05 13:51:21,136 [INFO] IPUIPlugin:80 - create IPUIPlugin
2023-04-05 13:51:21,136 [INFO] PluginManager:220 - loadIPPluginJar : add ucpd
2023-04-05 13:51:21,140 [INFO] IPUIPlugin:80 - create IPUIPlugin
2023-04-05 13:51:21,141 [INFO] PluginManager:220 - loadIPPluginJar : add usart
2023-04-05 13:51:21,147 [INFO] IPUIPlugin:80 - create IPUIPlugin
2023-04-05 13:51:21,147 [INFO] PluginManager:220 - loadIPPluginJar : add usbx
2023-04-05 13:51:21,319 [INFO] CADModel:165 - CPN selected for project level
2023-04-05 13:51:21,320 [INFO] CADModel:114 - Register for checkConnection events
2023-04-05 13:51:21,321 [FATAL] Updater:308 - Updater called before beeing initialized
2023-04-05 13:51:21,321 [ERROR] CADModel:125 - Updater not yet initialized, retry later 
2023-04-05 13:51:21,794 [INFO] CADModel:165 - CPN selected for project level
2023-04-05 13:51:21,794 [INFO] CADModel:114 - Register for checkConnection events
2023-04-05 13:51:21,794 [FATAL] Updater:308 - Updater called before beeing initialized
2023-04-05 13:51:21,794 [ERROR] CADModel:125 - Updater not yet initialized, retry later 
2023-04-05 13:51:21,800 [FATAL] Updater:308 - Updater called before beeing initialized
2023-04-05 13:51:21,986 [FATAL] Updater:308 - Updater called before beeing initialized
2023-04-05 13:51:21,998 [INFO] DbMcusAds:53 - JSON generation date=Thu Sep 30 08:55:09 CEST 2021 (1632984909247)
2023-04-05 13:51:21,999 [FATAL] Updater:308 - Updater called before beeing initialized
2023-04-05 13:51:22,344 [WARN] DetailPanel:346 - Failed to get advertising image, set to default
2023-04-05 13:51:22,652 [FATAL] Updater:308 - Updater called before beeing initialized
2023-04-05 13:51:22,657 [FATAL] Updater:308 - Updater called before beeing initialized
2023-04-05 13:51:22,657 [FATAL] Updater:308 - Updater called before beeing initialized
2023-04-05 13:51:22,657 [WARN] DetailPanel:346 - Failed to get advertising image, set to default
2023-04-05 13:51:22,658 [FATAL] Updater:308 - Updater called before beeing initialized
2023-04-05 13:51:22,807 [ERROR] Updater:1120 - MainUpdater not yet initialized. External WinMGr cannot be set.
2023-04-05 13:51:22,816 [INFO] Updater:1056 - Updater Version found : 6.8.0
2023-04-05 13:51:22,834 [INFO] ThirdPartyUpdaterWithRetryManager:70 - Updater plugin not ready yet. [2/15]
2023-04-05 13:51:22,893 [INFO] ApplicationProperties:184 - Using Application install path: C:\ST\STM32CubeIDE_1.12.0\STM32CubeIDE\plugins\com.st.stm32cube.common.mx_6.8.0.202302231600
2023-04-05 13:51:23,037 [INFO] MainUpdater:519 - Copy updater definitions from MX database
2023-04-05 13:51:23,109 [INFO] MainUpdater:552 - Copy flag file definitions from MX database
2023-04-05 13:51:23,115 [INFO] MainUpdater:568 - Copy thirdparty index definitions from MX database
2023-04-05 13:51:23,119 [INFO] MainUpdater:587 - Copy default thirdparty db definitions from MX database
2023-04-05 13:51:23,164 [INFO] MainUpdater:2854 - connection check result : 10
2023-04-05 13:51:23,164 [INFO] MainUpdater:3548 - Updater definition file requires update
2023-04-05 13:51:23,166 [INFO] MainUpdater:283 - Updater Check For Update Now.
2023-04-05 13:51:23,167 [INFO] MicroXplorer:498 - Change Database Version : DB.6.0.80
2023-04-05 13:51:23,187 [INFO] ServerAccessManage:473 - Download File updaters.zip
2023-04-05 13:51:23,248 [INFO] FileExtend:240 - Unzip File : updaters.zip
2023-04-05 13:51:23,248 [INFO] FileExtend:255 - Standard Zip Deflate
2023-04-05 13:51:23,724 [INFO] ServerAccessManage:473 - Download File PacksControlFlags.xml
2023-04-05 13:51:23,772 [INFO] ServerAccessManage:473 - Download File cubemx.pidx
2023-04-05 13:51:23,964 [INFO] ServerAccessManage:473 - Download File STMicroelectronics.FP-ATR-ASTRA1.pdsc
2023-04-05 13:51:24,034 [INFO] ServerAccessManage:473 - Download File STMicroelectronics.FP-ATR-SIGFOX1.pdsc
2023-04-05 13:51:24,093 [INFO] ServerAccessManage:473 - Download File STMicroelectronics.X-CUBE-AI.pdsc
2023-04-05 13:51:24,297 [INFO] ServerAccessManage:473 - Download File STMicroelectronics.X-CUBE-ALS.pdsc
2023-04-05 13:51:24,375 [INFO] ServerAccessManage:473 - Download File STMicroelectronics.X-CUBE-BLE1.pdsc
2023-04-05 13:51:24,671 [ERROR] ServerAccessManage:1089 - Problem, file not found on Server
2023-04-05 13:51:24,752 [INFO] ServerAccessManage:473 - Download File STMicroelectronics.X-CUBE-BLE2.pdsc
2023-04-05 13:51:24,930 [INFO] ServerAccessManage:473 - Download File STMicroelectronics.X-CUBE-BLEMGR.pdsc
2023-04-05 13:51:25,026 [INFO] ServerAccessManage:473 - Download File STMicroelectronics.X-CUBE-DISPLAY.pdsc
2023-04-05 13:51:25,141 [INFO] ServerAccessManage:473 - Download File STMicroelectronics.X-CUBE-EEPRMA1.pdsc
2023-04-05 13:51:25,264 [ERROR] ServerAccessManage:1089 - Problem, file not found on Server
2023-04-05 13:51:25,316 [INFO] ServerAccessManage:473 - Download File STMicroelectronics.X-CUBE-FREERTOS.pdsc
2023-04-05 13:51:25,377 [INFO] ServerAccessManage:473 - Download File STMicroelectronics.X-CUBE-GNSS1.pdsc
2023-04-05 13:51:25,540 [ERROR] ServerAccessManage:1089 - Problem, file not found on Server
2023-04-05 13:51:25,605 [ERROR] ServerAccessManage:1089 - Problem, file not found on Server
2023-04-05 13:51:25,671 [ERROR] ServerAccessManage:1089 - Problem, file not found on Server
2023-04-05 13:51:25,737 [ERROR] ServerAccessManage:1089 - Problem, file not found on Server
2023-04-05 13:51:25,797 [ERROR] ServerAccessManage:1089 - Problem, file not found on Server
2023-04-05 13:51:25,845 [WARN] MainUpdater:1187 - Updater busy. Cannot search thirdparties
2023-04-05 13:51:25,845 [INFO] ThirdPartyUpdaterWithRetryManager:96 - Updater plugin is busy. [1/15]
2023-04-05 13:51:25,853 [ERROR] ServerAccessManage:1089 - Problem, file not found on Server
2023-04-05 13:51:25,862 [INFO] ServerAccessManage:473 - Download File STMicroelectronics.X-CUBE-ISPU.pdsc
2023-04-05 13:51:25,918 [INFO] ServerAccessManage:473 - Download File STMicroelectronics.X-CUBE-MEMS1.pdsc
2023-04-05 13:51:26,121 [ERROR] LogOutputStream:75 - [STDERR_REDIRECT] SLF4J: Failed to load class "org.slf4j.impl.StaticLoggerBinder".
2023-04-05 13:51:26,122 [ERROR] LogOutputStream:75 - [STDERR_REDIRECT] SLF4J: Defaulting to no-operation (NOP) logger implementation
2023-04-05 13:51:26,125 [ERROR] LogOutputStream:75 - [STDERR_REDIRECT] SLF4J: See http://www.slf4j.org/codes.html#StaticLoggerBinder for further details.
2023-04-05 13:51:26,220 [INFO] ServerAccessManage:473 - Download File STMicroelectronics.X-CUBE-NFC4.pdsc
2023-04-05 13:51:26,392 [INFO] ServerAccessManage:473 - Download File STMicroelectronics.X-CUBE-NFC7.pdsc
2023-04-05 13:51:26,449 [INFO] ServerAccessManage:473 - Download File STMicroelectronics.X-CUBE-SFXS2LP1.pdsc
2023-04-05 13:51:26,566 [INFO] ServerAccessManage:473 - Download File STMicroelectronics.X-CUBE-SUBG2.pdsc
2023-04-05 13:51:26,705 [INFO] ServerAccessManage:473 - Download File STMicroelectronics.X-CUBE-TOF1.pdsc
2023-04-05 13:51:26,878 [ERROR] ServerAccessManage:1089 - Problem, file not found on Server
2023-04-05 13:51:26,893 [INFO] ServerAccessManage:473 - Download File STMicroelectronics.X-CUBE-TOUCHGFX.pdsc
2023-04-05 13:51:28,851 [WARN] MainUpdater:1187 - Updater busy. Cannot search thirdparties
2023-04-05 13:51:28,852 [INFO] ThirdPartyUpdaterWithRetryManager:96 - Updater plugin is busy. [2/15]
2023-04-05 13:51:29,596 [ERROR] ServerAccessManage:1172 - Problem during Server Connection :  IO error Connection reset
2023-04-05 13:51:29,774 [INFO] ServerAccessManage:473 - Download File STMicroelectronics.X-CUBE-ALGOBUILD.pdsc
2023-04-05 13:51:29,914 [INFO] ServerAccessManage:473 - Download File STMicroelectronics.X-CUBE-AZRTOS-H7.pdsc
2023-04-05 13:51:30,057 [INFO] ServerAccessManage:473 - Download File STMicroelectronics.X-CUBE-AZRTOS-F4.pdsc
2023-04-05 13:51:30,178 [INFO] ServerAccessManage:473 - Download File STMicroelectronics.X-CUBE-AZRTOS-F7.pdsc
2023-04-05 13:51:30,319 [INFO] ServerAccessManage:473 - Download File STMicroelectronics.X-CUBE-AZRTOS-L4.pdsc
2023-04-05 13:51:30,434 [INFO] ServerAccessManage:473 - Download File STMicroelectronics.X-CUBE-AZRTOS-L5.pdsc
2023-04-05 13:51:30,644 [INFO] ServerAccessManage:473 - Download File STMicroelectronics.X-CUBE-AZRTOS-G0.pdsc
2023-04-05 13:51:30,767 [INFO] ServerAccessManage:473 - Download File STMicroelectronics.X-CUBE-AZRTOS-G4.pdsc
2023-04-05 13:51:30,897 [INFO] ServerAccessManage:473 - Download File STMicroelectronics.X-CUBE-AZRTOS-WB.pdsc
2023-04-05 13:51:30,990 [INFO] ServerAccessManage:473 - Download File STMicroelectronics.X-CUBE-AZRTOS-WL.pdsc
2023-04-05 13:51:31,501 [INFO] ServerAccessManage:473 - Download File wolfSSL.I-CUBE-wolfSSL.pdsc
2023-04-05 13:51:31,854 [WARN] MainUpdater:1187 - Updater busy. Cannot search thirdparties
2023-04-05 13:51:31,854 [INFO] ThirdPartyUpdaterWithRetryManager:96 - Updater plugin is busy. [3/15]
2023-04-05 13:51:33,526 [ERROR] ServerAccessManage:1089 - Problem, file not found on Server
2023-04-05 13:51:33,887 [ERROR] ServerAccessManage:1089 - Problem, file not found on Server
2023-04-05 13:51:34,349 [ERROR] ServerAccessManage:1089 - Problem, file not found on Server
2023-04-05 13:51:34,788 [INFO] ServerAccessManage:473 - Download File RoweBots.I-CUBE-UNISONRTOS.pdsc
2023-04-05 13:51:34,861 [WARN] MainUpdater:1187 - Updater busy. Cannot search thirdparties
2023-04-05 13:51:34,861 [INFO] ThirdPartyUpdaterWithRetryManager:96 - Updater plugin is busy. [4/15]
2023-04-05 13:51:35,568 [ERROR] ServerAccessManage:1089 - Problem, file not found on Server
2023-04-05 13:51:36,081 [ERROR] ServerAccessManage:1089 - Problem, file not found on Server
2023-04-05 13:51:36,555 [ERROR] ServerAccessManage:1089 - Problem, file not found on Server
2023-04-05 13:51:37,001 [ERROR] ServerAccessManage:1089 - Problem, file not found on Server
2023-04-05 13:51:37,140 [INFO] ServerAccessManage:473 - Download File SEGGER.I-CUBE-embOS.pdsc
2023-04-05 13:51:37,665 [INFO] ServerAccessManage:473 - Download File portGmbH.I-Cube-SoM-uGOAL.pdsc
2023-04-05 13:51:37,872 [WARN] MainUpdater:1187 - Updater busy. Cannot search thirdparties
2023-04-05 13:51:37,882 [INFO] ThirdPartyUpdaterWithRetryManager:96 - Updater plugin is busy. [5/15]
2023-04-05 13:51:37,998 [ERROR] ServerAccessManage:1089 - Problem, file not found on Server
2023-04-05 13:51:38,026 [ERROR] ServerAccessManage:1089 - Problem, file not found on Server
2023-04-05 13:51:38,052 [ERROR] ServerAccessManage:1089 - Problem, file not found on Server
2023-04-05 13:51:38,166 [INFO] ServerAccessManage:473 - Download File emotas.I-CUBE-CANOPEN.pdsc
2023-04-05 13:51:38,918 [INFO] ServerAccessManage:473 - Download File WES.I-CUBE-Cesium.pdsc
2023-04-05 13:51:40,887 [WARN] MainUpdater:1187 - Updater busy. Cannot search thirdparties
2023-04-05 13:51:40,887 [INFO] ThirdPartyUpdaterWithRetryManager:96 - Updater plugin is busy. [6/15]
2023-04-05 13:51:40,893 [ERROR] ServerAccessManage:1089 - Problem, file not found on Server
2023-04-05 13:51:41,481 [ERROR] ServerAccessManage:1089 - Problem, file not found on Server
2023-04-05 13:51:41,904 [WARN] CheckServerUpdateThread:151 - Open CheckUpdateFile Fail
2023-04-05 13:51:42,042 [WARN] PackLoader:240 - Cannot read IP mode file for STMicroelectronics.FP-ATR-ASTRA1.1.1.1
2023-04-05 13:51:42,117 [WARN] PackLoader:240 - Cannot read IP mode file for STMicroelectronics.FP-ATR-SIGFOX1.3.2.0
2023-04-05 13:51:42,142 [WARN] PackLoader:240 - Cannot read IP mode file for STMicroelectronics.X-CUBE-AI.8.0.0
2023-04-05 13:51:42,271 [WARN] PackLoader:240 - Cannot read IP mode file for STMicroelectronics.X-CUBE-ALS.1.0.1
2023-04-05 13:51:42,277 [INFO] CheckServerUpdateThread:120 - End of CheckServer Thread
2023-04-05 13:51:42,305 [WARN] PackLoader:240 - Cannot read IP mode file for STMicroelectronics.X-CUBE-BLE1.6.2.4
2023-04-05 13:51:42,338 [WARN] PackLoader:240 - Cannot read IP mode file for STMicroelectronics.X-CUBE-BLE2.3.3.0
2023-04-05 13:51:42,393 [INFO] MainUpdater:2854 - connection check result : 10
2023-04-05 13:51:42,395 [INFO] MainUpdater:2854 - connection check result : 10
2023-04-05 13:51:42,468 [WARN] PackLoader:240 - Cannot read IP mode file for STMicroelectronics.X-CUBE-BLEMGR.2.0.0
2023-04-05 13:51:42,611 [WARN] PackLoader:240 - Cannot read IP mode file for STMicroelectronics.X-CUBE-DISPLAY.3.0.0
2023-04-05 13:51:42,660 [INFO] MicroXplorer:468 - Change Database Path : 
2023-04-05 13:51:42,661 [INFO] MicroXplorer:498 - Change Database Version : DB.6.0.80
2023-04-05 13:51:42,661 [WARN] ThirdParty:871 - waiting for thirdparty lock release [close project]
2023-04-05 13:51:42,686 [WARN] PackLoader:240 - Cannot read IP mode file for STMicroelectronics.X-CUBE-EEPRMA1.4.1.0
2023-04-05 13:51:42,903 [WARN] PackLoader:240 - Cannot read IP mode file for STMicroelectronics.X-CUBE-FREERTOS.1.0.0
2023-04-05 13:51:43,014 [WARN] PackLoader:240 - Cannot read IP mode file for STMicroelectronics.X-CUBE-GNSS1.6.0.0
2023-04-05 13:51:43,136 [WARN] PackLoader:240 - Cannot read IP mode file for STMicroelectronics.X-CUBE-ISPU.1.1.0
2023-04-05 13:51:43,317 [WARN] PackLoader:240 - Cannot read IP mode file for STMicroelectronics.X-CUBE-MEMS1.9.5.0
2023-04-05 13:51:43,815 [WARN] PackLoader:240 - Cannot read IP mode file for STMicroelectronics.X-CUBE-NFC4.3.0.0
2023-04-05 13:51:43,825 [WARN] PackLoader:240 - Cannot read IP mode file for STMicroelectronics.X-CUBE-NFC7.1.0.0
2023-04-05 13:51:43,850 [WARN] PackLoader:240 - Cannot read IP mode file for STMicroelectronics.X-CUBE-SFXS2LP1.4.0.0
2023-04-05 13:51:43,930 [WARN] PackLoader:240 - Cannot read IP mode file for STMicroelectronics.X-CUBE-SUBG2.5.0.0
2023-04-05 13:51:44,057 [WARN] PackLoader:240 - Cannot read IP mode file for STMicroelectronics.X-CUBE-TOF1.3.3.0
2023-04-05 13:51:44,134 [WARN] PackLoader:240 - Cannot read IP mode file for STMicroelectronics.X-CUBE-TOUCHGFX.4.21.3
2023-04-05 13:51:44,147 [WARN] PackLoader:240 - Cannot read IP mode file for STMicroelectronics.X-CUBE-ALGOBUILD.1.3.0
2023-04-05 13:51:44,215 [WARN] PackLoader:240 - Cannot read IP mode file for STMicroelectronics.X-CUBE-AZRTOS-H7.3.0.0
2023-04-05 13:51:44,245 [WARN] PackLoader:240 - Cannot read IP mode file for STMicroelectronics.X-CUBE-AZRTOS-F4.1.1.0
2023-04-05 13:51:44,309 [WARN] PackLoader:240 - Cannot read IP mode file for STMicroelectronics.X-CUBE-AZRTOS-F7.1.1.0
2023-04-05 13:51:44,336 [WARN] PackLoader:240 - Cannot read IP mode file for STMicroelectronics.X-CUBE-AZRTOS-L4.1.0.0
2023-04-05 13:51:44,397 [WARN] PackLoader:240 - Cannot read IP mode file for STMicroelectronics.X-CUBE-AZRTOS-L5.1.1.0
2023-04-05 13:51:44,429 [WARN] PackLoader:240 - Cannot read IP mode file for STMicroelectronics.X-CUBE-AZRTOS-G0.1.1.0
2023-04-05 13:51:44,471 [WARN] PackLoader:240 - Cannot read IP mode file for STMicroelectronics.X-CUBE-AZRTOS-G4.1.0.0
2023-04-05 13:51:44,524 [WARN] PackLoader:240 - Cannot read IP mode file for STMicroelectronics.X-CUBE-AZRTOS-WB.1.1.0
2023-04-05 13:51:44,550 [WARN] PackLoader:240 - Cannot read IP mode file for STMicroelectronics.X-CUBE-AZRTOS-WL.1.0.0
2023-04-05 13:51:44,558 [WARN] PackLoader:240 - Cannot read IP mode file for wolfSSL.I-CUBE-wolfSSL.5.6.0
2023-04-05 13:51:44,571 [WARN] PackLoader:240 - Cannot read IP mode file for RoweBots.I-CUBE-UNISONRTOS.5.5.0-4
2023-04-05 13:51:44,657 [WARN] PackLoader:240 - Cannot read IP mode file for SEGGER.I-CUBE-embOS.1.3.1
2023-04-05 13:51:44,693 [WARN] PackLoader:240 - Cannot read IP mode file for STMicroelectronics.X-CUBE-GNSS1.6.0.0
2023-04-05 13:51:44,737 [WARN] PackLoader:240 - Cannot read IP mode file for portGmbH.I-Cube-SoM-uGOAL.1.1.0
2023-04-05 13:51:44,770 [WARN] PackLoader:240 - Cannot read IP mode file for STMicroelectronics.X-CUBE-AZRTOS-F4.1.1.0
2023-04-05 13:51:44,780 [WARN] PackLoader:240 - Cannot read IP mode file for wolfSSL.I-CUBE-wolfSSL.5.6.0
2023-04-05 13:51:44,801 [WARN] PackLoader:240 - Cannot read IP mode file for emotas.I-CUBE-CANOPEN.1.1.3
2023-04-05 13:51:44,833 [WARN] PackLoader:240 - Cannot read IP mode file for STMicroelectronics.X-CUBE-AZRTOS-F7.1.1.0
2023-04-05 13:51:44,839 [WARN] PackLoader:240 - Cannot read IP mode file for WES.I-CUBE-Cesium.1.3.0
2023-04-05 13:51:44,840 [INFO] PopulateThirdPartyThread:66 - Ending populate Thread
2023-04-05 13:51:44,844 [WARN] PackLoader:240 - Cannot read IP mode file for STMicroelectronics.X-CUBE-BLE1.6.2.4
2023-04-05 13:51:44,845 [INFO] ThirdParty:1030 - CMSIS Pack Vendor :STMicroelectronics X-CUBE-ISPU 1.1.0
2023-04-05 13:51:44,846 [INFO] ThirdParty:1030 - CMSIS Pack Vendor :STMicroelectronics X-CUBE-DISPLAY 3.0.0
2023-04-05 13:51:44,846 [INFO] ThirdParty:1030 - CMSIS Pack Vendor :RoweBots I-CUBE-UNISONRTOS 5.5.0-4
2023-04-05 13:51:44,846 [INFO] ThirdParty:1030 - CMSIS Pack Vendor :STMicroelectronics X-CUBE-GNSS1 6.0.0
2023-04-05 13:51:44,846 [INFO] ThirdParty:1030 - CMSIS Pack Vendor :STMicroelectronics X-CUBE-AZRTOS-F4 1.1.0
2023-04-05 13:51:44,846 [INFO] ThirdParty:1030 - CMSIS Pack Vendor :STMicroelectronics FP-ATR-SIGFOX1 3.2.0
2023-04-05 13:51:44,846 [INFO] ThirdParty:1030 - CMSIS Pack Vendor :STMicroelectronics X-CUBE-AZRTOS-G4 1.0.0
2023-04-05 13:51:44,846 [INFO] ThirdParty:1030 - CMSIS Pack Vendor :STMicroelectronics X-CUBE-AZRTOS-L4 1.0.0
2023-04-05 13:51:44,846 [INFO] ThirdParty:1030 - CMSIS Pack Vendor :wolfSSL I-CUBE-wolfSSL 5.6.0
2023-04-05 13:51:44,847 [INFO] ThirdParty:1030 - CMSIS Pack Vendor :STMicroelectronics X-CUBE-AI 8.0.0
2023-04-05 13:51:44,847 [INFO] ThirdParty:1030 - CMSIS Pack Vendor :STMicroelectronics X-CUBE-FREERTOS 1.0.0
2023-04-05 13:51:44,847 [INFO] ThirdParty:1030 - CMSIS Pack Vendor :STMicroelectronics X-CUBE-NFC7 1.0.0
2023-04-05 13:51:44,847 [INFO] ThirdParty:1030 - CMSIS Pack Vendor :STMicroelectronics X-CUBE-TOUCHGFX 4.21.3
2023-04-05 13:51:44,847 [INFO] ThirdParty:1030 - CMSIS Pack Vendor :STMicroelectronics X-CUBE-AZRTOS-WL 1.0.0
2023-04-05 13:51:44,847 [INFO] ThirdParty:1030 - CMSIS Pack Vendor :STMicroelectronics X-CUBE-AZRTOS-F7 1.1.0
2023-04-05 13:51:44,847 [INFO] ThirdParty:1030 - CMSIS Pack Vendor :STMicroelectronics X-CUBE-ALS 1.0.1
2023-04-05 13:51:44,847 [INFO] ThirdParty:1030 - CMSIS Pack Vendor :STMicroelectronics X-CUBE-EEPRMA1 4.1.0
2023-04-05 13:51:44,847 [INFO] ThirdParty:1030 - CMSIS Pack Vendor :portGmbH I-Cube-SoM-uGOAL 1.1.0
2023-04-05 13:51:44,847 [INFO] ThirdParty:1030 - CMSIS Pack Vendor :STMicroelectronics X-CUBE-MEMS1 9.5.0
2023-04-05 13:51:44,848 [INFO] ThirdParty:1030 - CMSIS Pack Vendor :STMicroelectronics X-CUBE-AZRTOS-WB 1.1.0
2023-04-05 13:51:44,848 [INFO] ThirdParty:1030 - CMSIS Pack Vendor :STMicroelectronics X-CUBE-ALGOBUILD 1.3.0
2023-04-05 13:51:44,848 [INFO] ThirdParty:1030 - CMSIS Pack Vendor :SEGGER I-CUBE-embOS 1.3.1
2023-04-05 13:51:44,848 [INFO] ThirdParty:1030 - CMSIS Pack Vendor :STMicroelectronics X-CUBE-BLE1 6.2.4
2023-04-05 13:51:44,848 [INFO] ThirdParty:1030 - CMSIS Pack Vendor :STMicroelectronics X-CUBE-AZRTOS-L5 1.1.0
2023-04-05 13:51:44,848 [INFO] ThirdParty:1030 - CMSIS Pack Vendor :STMicroelectronics X-CUBE-AZRTOS-G0 1.1.0
2023-04-05 13:51:44,848 [INFO] ThirdParty:1030 - CMSIS Pack Vendor :emotas I-CUBE-CANOPEN 1.1.3
2023-04-05 13:51:44,848 [INFO] ThirdParty:1030 - CMSIS Pack Vendor :STMicroelectronics X-CUBE-BLEMGR 2.0.0
2023-04-05 13:51:44,848 [INFO] ThirdParty:1030 - CMSIS Pack Vendor :STMicroelectronics X-CUBE-NFC4 3.0.0
2023-04-05 13:51:44,849 [INFO] ThirdParty:1030 - CMSIS Pack Vendor :STMicroelectronics X-CUBE-SUBG2 5.0.0
2023-04-05 13:51:44,849 [INFO] ThirdParty:1030 - CMSIS Pack Vendor :WES I-CUBE-Cesium 1.3.0
2023-04-05 13:51:44,849 [INFO] ThirdParty:1030 - CMSIS Pack Vendor :STMicroelectronics X-CUBE-SFXS2LP1 4.0.0
2023-04-05 13:51:44,849 [INFO] ThirdParty:1030 - CMSIS Pack Vendor :STMicroelectronics X-CUBE-BLE2 3.3.0
2023-04-05 13:51:44,849 [INFO] ThirdParty:1030 - CMSIS Pack Vendor :STMicroelectronics FP-ATR-ASTRA1 1.1.1
2023-04-05 13:51:44,849 [INFO] ThirdParty:1030 - CMSIS Pack Vendor :STMicroelectronics X-CUBE-TOF1 3.3.0
2023-04-05 13:51:44,849 [INFO] ThirdParty:1030 - CMSIS Pack Vendor :STMicroelectronics X-CUBE-AZRTOS-H7 3.0.0
2023-04-05 13:51:44,850 [INFO] LoadServerUpdatesThread:373 - End of LoadServerUpdate Thread
2023-04-05 13:51:44,854 [WARN] PackLoader:240 - Cannot read IP mode file for emotas.I-CUBE-CANOPEN.1.1.3
2023-04-05 13:51:44,870 [WARN] PackLoader:240 - Cannot read IP mode file for STMicroelectronics.X-CUBE-BLEMGR.2.0.0
2023-04-05 13:51:44,886 [WARN] PackLoader:240 - Cannot read IP mode file for STMicroelectronics.X-CUBE-DISPLAY.3.0.0
2023-04-05 13:51:44,943 [WARN] PackLoader:240 - Cannot read IP mode file for STMicroelectronics.X-CUBE-NFC7.1.0.0
2023-04-05 13:51:44,953 [WARN] PackLoader:240 - Cannot read IP mode file for STMicroelectronics.X-CUBE-EEPRMA1.4.1.0
2023-04-05 13:51:44,961 [WARN] PackLoader:240 - Cannot read IP mode file for WES.I-CUBE-Cesium.1.3.0
2023-04-05 13:51:44,975 [WARN] PackLoader:240 - Cannot read IP mode file for STMicroelectronics.X-CUBE-SFXS2LP1.4.0.0
2023-04-05 13:51:44,985 [WARN] PackLoader:240 - Cannot read IP mode file for STMicroelectronics.X-CUBE-BLE2.3.3.0
2023-04-05 13:51:45,017 [WARN] PackLoader:240 - Cannot read IP mode file for STMicroelectronics.X-CUBE-AZRTOS-H7.3.0.0
2023-04-05 13:51:45,030 [WARN] PackLoader:240 - Cannot read IP mode file for STMicroelectronics.X-CUBE-ISPU.1.1.0
2023-04-05 13:51:45,049 [WARN] PackLoader:240 - Cannot read IP mode file for RoweBots.I-CUBE-UNISONRTOS.5.5.0-4
2023-04-05 13:51:45,079 [WARN] PackLoader:240 - Cannot read IP mode file for STMicroelectronics.X-CUBE-AI.8.0.0
2023-04-05 13:51:45,087 [WARN] PackLoader:240 - Cannot read IP mode file for STMicroelectronics.X-CUBE-FREERTOS.1.0.0
2023-04-05 13:51:45,093 [WARN] PackLoader:240 - Cannot read IP mode file for STMicroelectronics.X-CUBE-TOUCHGFX.4.21.3
2023-04-05 13:51:45,107 [WARN] PackLoader:240 - Cannot read IP mode file for STMicroelectronics.X-CUBE-ALGOBUILD.1.3.0
2023-04-05 13:51:45,131 [WARN] PackLoader:240 - Cannot read IP mode file for STMicroelectronics.X-CUBE-AZRTOS-L5.1.1.0
2023-04-05 13:51:45,158 [WARN] PackLoader:240 - Cannot read IP mode file for STMicroelectronics.X-CUBE-AZRTOS-G0.1.1.0
2023-04-05 13:51:45,182 [WARN] PackLoader:240 - Cannot read IP mode file for STMicroelectronics.X-CUBE-SUBG2.5.0.0
2023-04-05 13:51:45,275 [WARN] PackLoader:240 - Cannot read IP mode file for STMicroelectronics.X-CUBE-NFC4.3.0.0
2023-04-05 13:51:45,291 [WARN] PackLoader:240 - Cannot read IP mode file for STMicroelectronics.X-CUBE-TOF1.3.3.0
2023-04-05 13:51:45,326 [WARN] PackLoader:240 - Cannot read IP mode file for STMicroelectronics.FP-ATR-ASTRA1.1.1.1
2023-04-05 13:51:45,345 [WARN] PackLoader:240 - Cannot read IP mode file for STMicroelectronics.X-CUBE-AZRTOS-G4.1.0.0
2023-04-05 13:51:45,353 [WARN] PackLoader:240 - Cannot read IP mode file for STMicroelectronics.FP-ATR-SIGFOX1.3.2.0
2023-04-05 13:51:45,429 [WARN] PackLoader:240 - Cannot read IP mode file for STMicroelectronics.X-CUBE-AZRTOS-L4.1.0.0
2023-04-05 13:51:45,464 [WARN] PackLoader:240 - Cannot read IP mode file for STMicroelectronics.X-CUBE-AZRTOS-WL.1.0.0
2023-04-05 13:51:45,470 [WARN] PackLoader:240 - Cannot read IP mode file for portGmbH.I-Cube-SoM-uGOAL.1.1.0
2023-04-05 13:51:45,476 [WARN] PackLoader:240 - Cannot read IP mode file for STMicroelectronics.X-CUBE-ALS.1.0.1
2023-04-05 13:51:45,538 [WARN] PackLoader:240 - Cannot read IP mode file for STMicroelectronics.X-CUBE-MEMS1.9.5.0
2023-04-05 13:51:45,898 [WARN] PackLoader:240 - Cannot read IP mode file for STMicroelectronics.X-CUBE-AZRTOS-WB.1.1.0
2023-04-05 13:51:45,956 [WARN] PackLoader:240 - Cannot read IP mode file for SEGGER.I-CUBE-embOS.1.3.1
2023-04-05 13:51:46,055 [INFO] ThirdParty:978 - Integrity check success = true
2023-04-05 13:51:46,055 [INFO] IntegrityCheckThread:100 - exiting critical section [integrity check]
2023-04-05 13:51:46,056 [INFO] ThirdParty:873 - entering critical section [close project]
2023-04-05 13:51:46,057 [INFO] ThirdParty:883 - exiting critical section [close project]
2023-04-05 13:51:46,064 [INFO] IntegrityCheckThread:103 - End integrity checks thread
2023-04-05 13:51:46,089 [INFO] PinOutPanel:1499 - setPackage(No Configuration,No Configuration)
2023-04-05 13:51:46,100 [INFO] UtilMem:75 - Begin LoadConfig() Used Memory: 323111856 Bytes (414187520)
2023-04-05 13:51:56,960 [INFO] MicroXplorer:468 - Change Database Path : 
2023-04-05 13:51:56,960 [INFO] MicroXplorer:498 - Change Database Version : DB.6.0.80
2023-04-05 13:51:56,962 [INFO] OpenFileManager:308 - Change cursor
2023-04-05 13:51:57,113 [INFO] Mcu:1937 - Initializing MCU STM32F746NGHx STM32F746NGHx STM32F746NGH6
2023-04-05 13:52:02,024 [INFO] Context:659 - Trying to add GPIOservice into a context  which must be forbidden
2023-04-05 13:52:03,458 [INFO] Rule:228 - rule WakeUp0 Mode is applicable
2023-04-05 13:52:03,458 [INFO] Rule:228 - rule WakeUp0 SIGNAL is applicable
2023-04-05 13:52:03,458 [INFO] Rule:228 - rule WakeUp1 Mode is applicable
2023-04-05 13:52:03,458 [INFO] Rule:228 - rule WakeUp1 SIGNAL is applicable
2023-04-05 13:52:03,458 [INFO] Rule:228 - rule WakeUp2 Mode is applicable
2023-04-05 13:52:03,458 [INFO] Rule:228 - rule WakeUp2 SIGNAL is applicable
2023-04-05 13:52:03,459 [INFO] Rule:228 - rule WakeUp4 Mode is applicable
2023-04-05 13:52:03,459 [INFO] Rule:228 - rule WakeUp4 SIGNAL is applicable
2023-04-05 13:52:03,459 [INFO] Rule:228 - rule WakeUp5 Mode is applicable
2023-04-05 13:52:03,459 [INFO] Rule:228 - rule WakeUp5 SIGNAL is applicable
2023-04-05 13:52:03,459 [INFO] Rule:228 - rule Change Default Value for LSE Drive Capability for WB family is applicable
2023-04-05 13:52:03,460 [INFO] Rule:228 - rule change FDCAN default value is applicable
2023-04-05 13:52:03,461 [INFO] DbConfProperties:307 - Apply Compatibility (1/12 Rules)
2023-04-05 13:52:03,891 [INFO] RtosManager:555 - Registered RTOS mode: class=CMSIS, group=RTOS, mode=CMSIS_V1, owner=FREERTOS
2023-04-05 13:52:03,892 [INFO] RtosManager:555 - Registered RTOS mode: class=CMSIS, group=RTOS2, mode=CMSIS_V2, owner=FREERTOS
2023-04-05 13:52:03,892 [INFO] RtosManager:555 - Registered RTOS mode: class=RTOS, group=Core, mode=CMSIS_V1, owner=FREERTOS
2023-04-05 13:52:03,892 [INFO] RtosManager:555 - Registered RTOS mode: class=RTOS, group=Core, mode=CMSIS_V2, owner=FREERTOS
2023-04-05 13:52:03,892 [WARN] ModelIntegratedComponent:184 - Missing modes for component STMicroelectronics:FreeRTOS:0.0.1:STMicroelectronics:RTOS:FreeRTOS:Core:::10.2.0:
2023-04-05 13:52:03,939 [WARN] ModelIntegratedComponent:63 - No mode defined for component null
2023-04-05 13:52:03,940 [WARN] ModelIntegratedComponent:63 - No mode defined for component null
2023-04-05 13:52:03,940 [WARN] ModelIntegratedComponent:63 - No mode defined for component null
2023-04-05 13:52:03,940 [WARN] ModelIntegratedComponent:63 - No mode defined for component null
2023-04-05 13:52:03,940 [WARN] ModelIntegratedComponent:63 - No mode defined for component null
2023-04-05 13:52:03,940 [WARN] ModelIntegratedComponent:63 - No mode defined for component null
2023-04-05 13:52:03,940 [WARN] ModelIntegratedComponent:63 - No mode defined for component null
2023-04-05 13:52:03,940 [WARN] ModelIntegratedComponent:63 - No mode defined for component null
2023-04-05 13:52:03,940 [WARN] ModelIntegratedComponent:63 - No mode defined for component null
2023-04-05 13:52:03,940 [WARN] ModelIntegratedComponent:63 - No mode defined for component null
2023-04-05 13:52:03,941 [WARN] ModelIntegratedComponent:63 - No mode defined for component null
2023-04-05 13:52:03,941 [WARN] ModelIntegratedComponent:63 - No mode defined for component null
2023-04-05 13:52:03,941 [WARN] ModelIntegratedComponent:63 - No mode defined for component null
2023-04-05 13:52:03,941 [WARN] ModelIntegratedComponent:63 - No mode defined for component null
2023-04-05 13:52:03,941 [WARN] ModelIntegratedComponent:63 - No mode defined for component null
2023-04-05 13:52:03,941 [WARN] ModelIntegratedComponent:63 - No mode defined for component null
2023-04-05 13:52:03,941 [WARN] ModelIntegratedComponent:63 - No mode defined for component null
2023-04-05 13:52:03,941 [WARN] ModelIntegratedComponent:63 - No mode defined for component null
2023-04-05 13:52:03,941 [WARN] ModelIntegratedComponent:63 - No mode defined for component null
2023-04-05 13:52:03,941 [WARN] ModelIntegratedComponent:63 - No mode defined for component null
2023-04-05 13:52:03,941 [WARN] ModelIntegratedComponent:63 - No mode defined for component null
2023-04-05 13:52:03,942 [WARN] ModelIntegratedComponent:63 - No mode defined for component null
2023-04-05 13:52:03,942 [WARN] ModelIntegratedComponent:63 - No mode defined for component null
2023-04-05 13:52:03,942 [WARN] ModelIntegratedComponent:63 - No mode defined for component null
2023-04-05 13:52:03,942 [WARN] ModelIntegratedComponent:63 - No mode defined for component null
2023-04-05 13:52:03,942 [WARN] ModelIntegratedComponent:63 - No mode defined for component null
2023-04-05 13:52:03,942 [WARN] ModelIntegratedComponent:63 - No mode defined for component null
2023-04-05 13:52:03,942 [WARN] ModelIntegratedComponent:63 - No mode defined for component null
2023-04-05 13:52:03,942 [WARN] ModelIntegratedComponent:63 - No mode defined for component null
2023-04-05 13:52:03,942 [WARN] ModelIntegratedComponent:63 - No mode defined for component null
2023-04-05 13:52:03,942 [WARN] ModelIntegratedComponent:63 - No mode defined for component null
2023-04-05 13:52:03,943 [WARN] ModelIntegratedComponent:63 - No mode defined for component null
2023-04-05 13:52:03,943 [WARN] ModelIntegratedComponent:63 - No mode defined for component null
2023-04-05 13:52:04,213 [INFO] ThirdPartyModel:298 - Start build external matchings
2023-04-05 13:52:04,673 [INFO] ThirdPartyModel:316 - End build external matchings
2023-04-05 13:52:04,745 [INFO] ImportTextPane:194 - (OptionalMessage_ERROR) IP (RCC) : Invalid parameter (FamilyName)
2023-04-05 13:52:04,753 [INFO] ImportTextPane:194 - (OptionalMessage_ERROR) IP (RCC) : Parameter (LCDTFToutputFreq_Value) has invalid value (48000000)
2023-04-05 13:52:04,755 [INFO] ImportTextPane:194 - (OptionalMessage_ERROR) IP (RCC) : Parameter (RNGFreq_Value) has invalid value (216000000)
2023-04-05 13:52:04,756 [INFO] ImportTextPane:194 - (OptionalMessage_ERROR) IP (RCC) : Parameter (SDMMCFreq_Value) has invalid value (216000000)
2023-04-05 13:52:04,756 [INFO] ImportTextPane:194 - (OptionalMessage_ERROR) IP (RCC) : Parameter (USBFreq_Value) has invalid value (216000000)
2023-04-05 13:52:06,531 [INFO] UtilMem:75 - End LoadConfig() Used Memory: 494416600 Bytes (643825664)
2023-04-05 13:52:06,684 [INFO] ApiDb:581 - Connected to CubeFinder SQLite database (C:\Users\Judith\.stmcufinder\plugins\mcufinder\mcu\cube-finder-db.db)
2023-04-05 13:52:06,821 [INFO] ApiDb:668 - CubeFinder database Data Model version=2.1
2023-04-05 13:52:06,821 [INFO] ApiDb:669 - CubeFinder database Configuration version=3.0.35
2023-04-05 13:52:06,821 [INFO] ApiDb:670 - CubeFinder database generation date=2023-02-21 (1676964986)
2023-04-05 13:52:06,821 [INFO] ApiDb:671 - CubeFinder database FW Pack versions=[FP-ATR-ASTRA1_V1.1.1, STM32Cube_FW_C0_V1.0.1, STM32Cube_FW_F0_V1.11.4, STM32Cube_FW_F3_V1.11.4, STM32Cube_FW_F4_V1.27.1, STM32Cube_FW_F7_V1.17.0, STM32Cube_FW_G0_V1.6.1, STM32Cube_FW_G4_V1.5.1, STM32Cube_FW_H5_V0.5.1, STM32Cube_FW_H5_V1.0.0, STM32Cube_FW_H7_V1.11.0, STM32Cube_FW_L0_V1.12.2, STM32Cube_FW_L5_V1.5.0, STM32Cube_FW_U5_V1.2.0, STM32Cube_FW_WBA_V1.0.0, STM32Cube_FW_WBA_V1.0.0RC1, STM32Cube_FW_WBA_V1.0.0RC3, STM32Cube_FW_WB_V1.15.0RC1, STM32Cube_FW_WB_V1.16.0, STM32Cube_FW_WB_V1.16.0RC2, STM32Cube_FW_WL_V1.3.0, X-CUBE-ALGOBUILD_V1.3.0, X-CUBE-ALS_V1.0.1, X-CUBE-AZRTOS-F4_V1.1.0, X-CUBE-AZRTOS-F7_V1.1.0, X-CUBE-AZRTOS-G0_V1.1.0, X-CUBE-AZRTOS-G4_V1.0.0, X-CUBE-AZRTOS-H7_V3.0.0, X-CUBE-AZRTOS-L4_V1.0.0, X-CUBE-AZRTOS-L5_V1.1.0, X-CUBE-AZRTOS-WB_V1.1.0, X-CUBE-AZRTOS-WL_V1.0.0, X-CUBE-BLE1_V6.2.4, X-CUBE-BLE2_V3.3.0, X-CUBE-BLEMGR_V1.3.0, X-CUBE-EEPRMA1_V4.1.0, X-CUBE-GNSS1_V6.0.0, X-CUBE-MEMS1_V9.1.0, X-CUBE-MEMS1_V9.4.0, X-CUBE-MEMS1_V9.5.0, X-CUBE-NFC4_V3.0.0, X-CUBE-NFC7_V1.0.0, X-CUBE-SFXS2LP1_V4.0.0, X-CUBE-SUBG2_V5.0.0]
2023-04-05 13:52:08,941 [INFO] ApiDb:240 - Found 297 in-development CPN: [B-G473E-ZEST1S, B-WB1M-WPAN1, B-WL5M-SUBG1, NUCLEO-C031C6, NUCLEO-H503RB, NUCLEO-H563ZI, NUCLEO-U545RE-Q, NUCLEO-U5A5ZJ-Q, NUCLEO-WBA52CG, STEVAL-PROTEUS1, STEVAL-STWINBX1, STM320518-EVAL, STM32C0116-DK, STM32C011D6Y3TR, STM32C011D6Y6TR, STM32C011F4P3, STM32C011F4P6, STM32C011F4U3, STM32C011F4U6TR, STM32C011F6P3, STM32C011F6P6, STM32C011F6U3, STM32C011F6U6TR, STM32C011J4M3, STM32C011J4M6, STM32C011J6M3, STM32C011J6M6, STM32C0316-DK, STM32C031C4T3, STM32C031C4T6, STM32C031C4U3, STM32C031C4U6, STM32C031C6T3, STM32C031C6T6, STM32C031C6U3, STM32C031C6U6, STM32C031F4P3, STM32C031F4P6, STM32C031F6P3, STM32C031F6P6, STM32C031G4U3, STM32C031G4U6, STM32C031G6U3, STM32C031G6U6, STM32C031K4T3, STM32C031K4T6, STM32C031K4U3, STM32C031K4U6, STM32C031K6T3, STM32C031K6T6, STM32C031K6U3, STM32C031K6U6, STM32G071K8TXN, STM32G071K8UXN, STM32G081GBU6N, STM32G081KBT6N, STM32G081KBUXN, STM32G0B1CCT6N, STM32G0B1KCT6, STM32G0B1NEY6TR, STM32G0B1RCT6N, STM32G0C1CCT6, STM32G0C1CCT6N, STM32G0C1CCU6N, STM32G0C1CET6N, STM32G0C1CEU6N, STM32G0C1KCT6, STM32G0C1NEY6TR, STM32G0C1RCI6N, STM32G0C1RCT6N, STM32G0C1REI6N, STM32G0C1RET6N, STM32G0C1VCI6, STM32G0C1VEI6, STM32G471CCT6, STM32G471CCU6, STM32G471CET3, STM32G471CET6, STM32G471CEU3, STM32G471CEU6, STM32G471MCT6, STM32G471MET3, STM32G471MET6, STM32G471MEY6TR, STM32G471QCT6, STM32G471QET3, STM32G471RCT6, STM32G471RET3, STM32G471RET6, STM32G471VCH6, STM32G471VCI6, STM32G471VCT6, STM32G471VEH3, STM32G471VEH6, STM32G471VEI3, STM32G471VEI6, STM32G471VET3, STM32G471VET6, STM32G474CCT6, STM32H503CBT6, STM32H503CBU6, STM32H503EBY6TR, STM32H503KBU6, STM32H503RBT6, STM32H562AGI6, STM32H562AII6, STM32H562IGK6, STM32H562IGT6, STM32H562IIK6, STM32H562IIT6, STM32H562RGT6, STM32H562RGV6, STM32H562RIT6, STM32H562RIV6, STM32H562VGT6, STM32H562VIT6, STM32H562ZGT6, STM32H562ZIT6, STM32H563AGI6, STM32H563AII3Q, STM32H563AII6, STM32H563IGK6, STM32H563IGT6, STM32H563IIK3Q, STM32H563IIK6, STM32H563IIT3Q, STM32H563IIT6, STM32H563MIY3QTR, STM32H563RGT6, STM32H563RGV6, STM32H563RIT6, STM32H563RIV6, STM32H563VGT6, STM32H563VIT3Q, STM32H563VIT6, STM32H563ZGT6, STM32H563ZIT3Q, STM32H563ZIT6, STM32H573AII3Q, STM32H573AII6, STM32H573I-DK, STM32H573IIK3Q, STM32H573IIK6, STM32H573IIT3Q, STM32H573IIT6, STM32H573MIY3QTR, STM32H573RIT6, STM32H573RIV6, STM32H573VIT3Q, STM32H573VIT6, STM32H573ZIT3Q, STM32H573ZIT6, STM32L4R5QGI6STR, STM32MP131AAE3, STM32MP131AAF3, STM32MP131AAG3, STM32MP131CAE3, STM32MP131CAF3, STM32MP131CAG3, STM32MP131DAE7, STM32MP131DAF7, STM32MP131DAG7, STM32MP131FAE7, STM32MP131FAF7, STM32MP131FAG7, STM32MP133AAE3, STM32MP133AAF3, STM32MP133AAG3, STM32MP133CAE3, STM32MP133CAF3, STM32MP133CAG3, STM32MP133DAE7, STM32MP133DAF7, STM32MP133DAG7, STM32MP133FAE7, STM32MP133FAF7, STM32MP133FAG7, STM32MP135AAE3, STM32MP135AAF3, STM32MP135AAG3, STM32MP135CAE3, STM32MP135CAF3, STM32MP135CAG3, STM32MP135DAE7, STM32MP135DAF7, STM32MP135DAG7, STM32MP135F-DK, STM32MP135FAE7, STM32MP135FAF7, STM32MP135FAF7T, STM32MP135FAF7U, STM32MP135FAG7, STM32U535CBT6, STM32U535CBT6Q, STM32U535CBU6, STM32U535CBU6Q, STM32U535CCT6, STM32U535CCT6Q, STM32U535CCU6, STM32U535CCU6Q, STM32U535CET6, STM32U535CET6Q, STM32U535CEU6, STM32U535CEU6Q, STM32U535JEY6QTR, STM32U535NCY6QTR, STM32U535NEY6QTR, STM32U535RBI6, STM32U535RBI6Q, STM32U535RBT6, STM32U535RBT6Q, STM32U535RCI6, STM32U535RCI6Q, STM32U535RCT6, STM32U535RCT6Q, STM32U535REI6, STM32U535REI6Q, STM32U535RET6, STM32U535RET6Q, STM32U535VCI6, STM32U535VCI6Q, STM32U535VCT6, STM32U535VCT6Q, STM32U535VEI6, STM32U535VEI6Q, STM32U535VET6, STM32U535VET6Q, STM32U545CET6, STM32U545CET6Q, STM32U545CEU6, STM32U545CEU6Q, STM32U545JEY6QTR, STM32U545NEY6QTR, STM32U545REI6, STM32U545REI6Q, STM32U545RET6, STM32U545RET6Q, STM32U545VEI6, STM32U545VEI6Q, STM32U545VET6, STM32U545VET6Q, STM32U595AIH6, STM32U595AIH6Q, STM32U595AJH6, STM32U595AJH6Q, STM32U595QII6, STM32U595QII6Q, STM32U595QJI6, STM32U595QJI6Q, STM32U595RIT6, STM32U595RIT6Q, STM32U595RJT6, STM32U595RJT6Q, STM32U595VIT6, STM32U595VIT6Q, STM32U595VJT6, STM32U595VJT6Q, STM32U595ZIT6, STM32U595ZIT6Q, STM32U595ZIY6QTR, STM32U595ZJT6, STM32U595ZJT6Q, STM32U595ZJY6QTR, STM32U599BJY6QTR, STM32U599NIH6Q, STM32U599NJH6Q, STM32U599VIT6Q, STM32U599VJT6, STM32U599VJT6Q, STM32U599ZIT6Q, STM32U599ZIY6QTR, STM32U599ZJT6Q, STM32U599ZJY6QTR, STM32U5A5AJH6, STM32U5A5AJH6Q, STM32U5A5QJI6, STM32U5A5QJI6Q, STM32U5A5RJT6, STM32U5A5RJT6Q, STM32U5A5VJT6, STM32U5A5VJT6Q, STM32U5A5ZJT6, STM32U5A5ZJT6Q, STM32U5A5ZJY6QTR, STM32U5A9BJY6QTR, STM32U5A9J-DK, STM32U5A9NJH6Q, STM32U5A9VJT6Q, STM32U5A9ZJT6Q, STM32U5A9ZJY6QTR, STM32WB1MMCH6, STM32WBA52CEU6, STM32WBA52CEU6T, STM32WBA52CGU6, STM32WBA52CGU6T, STM32WL5MOCH6, STM32WL5MOCH6TR]
2023-04-05 13:52:08,947 [INFO] DbMcus:216 - Found 3772 MCUs, 3772 are supported
2023-04-05 13:52:08,952 [INFO] ApiDb:414 - User favorites file not found: C:\Users\Judith/.stm32cubeide/favorites.mcus.txt
2023-04-05 13:52:08,953 [INFO] DbMcus:222 - Set 0 / 0 favorites MCUs
2023-04-05 13:52:09,436 [WARN] ThirdParty:833 - waiting for thirdparty lock release [change project]
2023-04-05 13:52:09,436 [INFO] ThirdParty:835 - entering critical section [change project]
2023-04-05 13:52:09,436 [INFO] ThirdParty:1030 - CMSIS Pack Vendor :STMicroelectronics X-CUBE-ISPU 1.1.0
2023-04-05 13:52:09,436 [INFO] ThirdParty:1030 - CMSIS Pack Vendor :RoweBots I-CUBE-UNISONRTOS 5.5.0-4
2023-04-05 13:52:09,437 [INFO] ThirdParty:1030 - CMSIS Pack Vendor :STMicroelectronics X-CUBE-GNSS1 6.0.0
2023-04-05 13:52:09,437 [INFO] ThirdParty:1030 - CMSIS Pack Vendor :STMicroelectronics USB_HOST 2.0.0
2023-04-05 13:52:09,437 [INFO] ThirdParty:1030 - CMSIS Pack Vendor :STMicroelectronics X-CUBE-AZRTOS-F4 1.1.0
2023-04-05 13:52:09,437 [INFO] ThirdParty:1030 - CMSIS Pack Vendor :STMicroelectronics LIBJPEG 8.0.0
2023-04-05 13:52:09,437 [INFO] ThirdParty:1030 - CMSIS Pack Vendor :wolfSSL I-CUBE-wolfSSL 5.6.0
2023-04-05 13:52:09,437 [INFO] ThirdParty:1030 - CMSIS Pack Vendor :STMicroelectronics USB_DEVICE 3.0.0
2023-04-05 13:52:09,437 [INFO] ThirdParty:1030 - CMSIS Pack Vendor :STMicroelectronics X-CUBE-AI 8.0.0
2023-04-05 13:52:09,437 [INFO] ThirdParty:1030 - CMSIS Pack Vendor :STMicroelectronics X-CUBE-FREERTOS 1.0.0
2023-04-05 13:52:09,437 [INFO] ThirdParty:1030 - CMSIS Pack Vendor :STMicroelectronics X-CUBE-TOUCHGFX 4.21.3
2023-04-05 13:52:09,437 [INFO] ThirdParty:1030 - CMSIS Pack Vendor :STMicroelectronics X-CUBE-AZRTOS-F7 1.1.0
2023-04-05 13:52:09,437 [INFO] ThirdParty:1030 - CMSIS Pack Vendor :STMicroelectronics USB_DEVICE 2.0.0
2023-04-05 13:52:09,437 [INFO] ThirdParty:1030 - CMSIS Pack Vendor :STMicroelectronics X-CUBE-ALGOBUILD 1.3.0
2023-04-05 13:52:09,437 [INFO] ThirdParty:1030 - CMSIS Pack Vendor :STMicroelectronics X-CUBE-BLE1 6.2.4
2023-04-05 13:52:09,437 [INFO] ThirdParty:1030 - CMSIS Pack Vendor :STMicroelectronics X-CUBE-AZRTOS-L5 1.1.0
2023-04-05 13:52:09,438 [INFO] ThirdParty:1030 - CMSIS Pack Vendor :STMicroelectronics FreeRTOS 0.0.1
2023-04-05 13:52:09,438 [INFO] ThirdParty:1030 - CMSIS Pack Vendor :emotas I-CUBE-CANOPEN 1.1.3
2023-04-05 13:52:09,438 [INFO] ThirdParty:1030 - CMSIS Pack Vendor :STMicroelectronics X-CUBE-AZRTOS-G0 1.1.0
2023-04-05 13:52:09,438 [INFO] ThirdParty:1030 - CMSIS Pack Vendor :STMicroelectronics X-CUBE-BLEMGR 2.0.0
2023-04-05 13:52:09,438 [INFO] ThirdParty:1030 - CMSIS Pack Vendor :STMicroelectronics X-CUBE-SUBG2 5.0.0
2023-04-05 13:52:09,438 [INFO] ThirdParty:1030 - CMSIS Pack Vendor :STMicroelectronics X-CUBE-NFC4 3.0.0
2023-04-05 13:52:09,438 [INFO] ThirdParty:1030 - CMSIS Pack Vendor :STMicroelectronics STM32_WPAN 1.0.0
2023-04-05 13:52:09,438 [INFO] ThirdParty:1030 - CMSIS Pack Vendor :STMicroelectronics lwIP 2.0.3
2023-04-05 13:52:09,438 [INFO] ThirdParty:1030 - CMSIS Pack Vendor :STMicroelectronics USB_HOST 1.0.0
2023-04-05 13:52:09,438 [INFO] ThirdParty:1030 - CMSIS Pack Vendor :STMicroelectronics PDM2PCM 3.1.0
2023-04-05 13:52:09,438 [INFO] ThirdParty:1030 - CMSIS Pack Vendor :STMicroelectronics X-CUBE-TOF1 3.3.0
2023-04-05 13:52:09,439 [INFO] ThirdParty:1030 - CMSIS Pack Vendor :STMicroelectronics FP-ATR-ASTRA1 1.1.1
2023-04-05 13:52:09,439 [INFO] ThirdParty:1030 - CMSIS Pack Vendor :STMicroelectronics PDM2PCM 3.3.0
2023-04-05 13:52:09,439 [INFO] ThirdParty:1030 - CMSIS Pack Vendor :STMicroelectronics X-CUBE-DISPLAY 3.0.0
2023-04-05 13:52:09,439 [INFO] ThirdParty:1030 - CMSIS Pack Vendor :STMicroelectronics X-CUBE-AZRTOS-G4 1.0.0
2023-04-05 13:52:09,439 [INFO] ThirdParty:1030 - CMSIS Pack Vendor :STMicroelectronics FP-ATR-SIGFOX1 3.2.0
2023-04-05 13:52:09,439 [INFO] ThirdParty:1030 - CMSIS Pack Vendor :STMicroelectronics X-CUBE-AZRTOS-L4 1.0.0
2023-04-05 13:52:09,439 [INFO] ThirdParty:1030 - CMSIS Pack Vendor :STMicroelectronics HAL Drivers 0.0.0
2023-04-05 13:52:09,439 [INFO] ThirdParty:1030 - CMSIS Pack Vendor :STMicroelectronics MBEDTLS 2.16.2
2023-04-05 13:52:09,439 [INFO] ThirdParty:1030 - CMSIS Pack Vendor :STMicroelectronics MBEDTLS 2.14.1
2023-04-05 13:52:09,439 [INFO] ThirdParty:1030 - CMSIS Pack Vendor :STMicroelectronics X-CUBE-NFC7 1.0.0
2023-04-05 13:52:09,439 [INFO] ThirdParty:1030 - CMSIS Pack Vendor :STMicroelectronics X-CUBE-AZRTOS-WL 1.0.0
2023-04-05 13:52:09,439 [INFO] ThirdParty:1030 - CMSIS Pack Vendor :STMicroelectronics X-CUBE-EEPRMA1 4.1.0
2023-04-05 13:52:09,440 [INFO] ThirdParty:1030 - CMSIS Pack Vendor :portGmbH I-Cube-SoM-uGOAL 1.1.0
2023-04-05 13:52:09,440 [INFO] ThirdParty:1030 - CMSIS Pack Vendor :STMicroelectronics X-CUBE-ALS 1.0.1
2023-04-05 13:52:09,440 [INFO] ThirdParty:1030 - CMSIS Pack Vendor :STMicroelectronics X-CUBE-MEMS1 9.5.0
2023-04-05 13:52:09,440 [INFO] ThirdParty:1030 - CMSIS Pack Vendor :STMicroelectronics ThreadX 1.0.0
2023-04-05 13:52:09,440 [INFO] ThirdParty:1030 - CMSIS Pack Vendor :STMicroelectronics X-CUBE-AZRTOS-WB 1.1.0
2023-04-05 13:52:09,440 [INFO] ThirdParty:1030 - CMSIS Pack Vendor :SEGGER I-CUBE-embOS 1.3.1
2023-04-05 13:52:09,440 [INFO] ThirdParty:1030 - CMSIS Pack Vendor :STMicroelectronics USB_DEVICE 1.0.0
2023-04-05 13:52:09,440 [INFO] ThirdParty:1030 - CMSIS Pack Vendor :STMicroelectronics ThreadX 0.0.2
2023-04-05 13:52:09,440 [INFO] ThirdParty:1030 - CMSIS Pack Vendor :WES I-CUBE-Cesium 1.3.0
2023-04-05 13:52:09,440 [INFO] ThirdParty:1030 - CMSIS Pack Vendor :STMicroelectronics lwIP 2.1.2
2023-04-05 13:52:09,440 [INFO] ThirdParty:1030 - CMSIS Pack Vendor :STMicroelectronics X-CUBE-SFXS2LP1 4.0.0
2023-04-05 13:52:09,440 [INFO] ThirdParty:1030 - CMSIS Pack Vendor :STMicroelectronics X-CUBE-BLE2 3.3.0
2023-04-05 13:52:09,441 [INFO] ThirdParty:1030 - CMSIS Pack Vendor :STMicroelectronics PDM2PCM 3.2.0
2023-04-05 13:52:09,441 [INFO] ThirdParty:1030 - CMSIS Pack Vendor :STMicroelectronics X-CUBE-AZRTOS-H7 3.0.0
2023-04-05 13:52:09,441 [INFO] ThirdParty:841 - exiting critical section [change project]
2023-04-05 13:52:10,663 [INFO] PinOutPanel:1499 - setPackage(No Configuration,No Configuration)
2023-04-05 13:52:10,667 [INFO] PinOutPanel:1499 - setPackage(STM32F746NGHx,TFBGA216)
2023-04-05 13:52:13,349 [INFO] UtilMem:75 - Before build in PCC Used Memory: 551756952 Bytes (673185792)
2023-04-05 13:52:14,990 [INFO] UtilMem:75 - After build in PCC Used Memory: 486362176 Bytes (673185792)
2023-04-05 13:52:15,072 [INFO] IPUIPlugin:80 - create IPUIPlugin
2023-04-05 13:52:15,073 [INFO] IPUIPlugin:80 - create IPUIPlugin
2023-04-05 13:52:15,073 [INFO] IPUIPlugin:80 - create IPUIPlugin
2023-04-05 13:52:15,073 [INFO] IPUIPlugin:80 - create IPUIPlugin
2023-04-05 13:52:15,073 [INFO] IPUIPlugin:80 - create IPUIPlugin
2023-04-05 13:52:15,074 [INFO] IPUIPlugin:80 - create IPUIPlugin
2023-04-05 13:52:15,074 [INFO] IPUIPlugin:80 - create IPUIPlugin
2023-04-05 13:52:15,074 [INFO] IPUIPlugin:80 - create IPUIPlugin
2023-04-05 13:52:15,075 [INFO] IPUIPlugin:80 - create IPUIPlugin
2023-04-05 13:52:15,075 [INFO] IPUIPlugin:80 - create IPUIPlugin
2023-04-05 13:52:15,075 [INFO] IPUIPlugin:80 - create IPUIPlugin
2023-04-05 13:52:15,077 [INFO] IPUIPlugin:80 - create IPUIPlugin
2023-04-05 13:52:15,077 [INFO] IPUIPlugin:80 - create IPUIPlugin
2023-04-05 13:52:15,078 [INFO] IPUIPlugin:80 - create IPUIPlugin
2023-04-05 13:52:15,078 [INFO] IPUIPlugin:80 - create IPUIPlugin
2023-04-05 13:52:15,078 [INFO] IPUIPlugin:80 - create IPUIPlugin
2023-04-05 13:52:15,078 [INFO] IPUIPlugin:80 - create IPUIPlugin
2023-04-05 13:52:15,078 [INFO] IPUIPlugin:80 - create IPUIPlugin
2023-04-05 13:52:15,079 [INFO] IPUIPlugin:80 - create IPUIPlugin
2023-04-05 13:52:15,079 [INFO] IPUIPlugin:80 - create IPUIPlugin
2023-04-05 13:52:15,079 [INFO] IPUIPlugin:80 - create IPUIPlugin
2023-04-05 13:52:15,079 [INFO] IPUIPlugin:80 - create IPUIPlugin
2023-04-05 13:52:15,080 [INFO] IPUIPlugin:80 - create IPUIPlugin
2023-04-05 13:52:15,080 [INFO] IPUIPlugin:80 - create IPUIPlugin
2023-04-05 13:52:15,080 [INFO] IPUIPlugin:80 - create IPUIPlugin
2023-04-05 13:52:15,081 [INFO] IPUIPlugin:80 - create IPUIPlugin
2023-04-05 13:52:15,081 [INFO] IPUIPlugin:80 - create IPUIPlugin
2023-04-05 13:52:15,081 [INFO] IPUIPlugin:80 - create IPUIPlugin
2023-04-05 13:52:15,082 [INFO] IPUIPlugin:80 - create IPUIPlugin
2023-04-05 13:52:15,082 [INFO] IPUIPlugin:80 - create IPUIPlugin
2023-04-05 13:52:15,083 [INFO] IPUIPlugin:80 - create IPUIPlugin
2023-04-05 13:52:15,083 [INFO] IPUIPlugin:80 - create IPUIPlugin
2023-04-05 13:52:15,084 [INFO] IPUIPlugin:80 - create IPUIPlugin
2023-04-05 13:52:15,084 [INFO] IPUIPlugin:80 - create IPUIPlugin
2023-04-05 13:52:15,085 [INFO] IPUIPlugin:80 - create IPUIPlugin
2023-04-05 13:52:15,085 [INFO] IPUIPlugin:80 - create IPUIPlugin
2023-04-05 13:52:15,086 [INFO] IPUIPlugin:80 - create IPUIPlugin
2023-04-05 13:52:15,086 [INFO] IPUIPlugin:80 - create IPUIPlugin
2023-04-05 13:52:15,087 [INFO] IPUIPlugin:80 - create IPUIPlugin
2023-04-05 13:52:15,087 [INFO] IPUIPlugin:80 - create IPUIPlugin
2023-04-05 13:52:15,088 [INFO] IPUIPlugin:80 - create IPUIPlugin
2023-04-05 13:52:15,088 [INFO] IPUIPlugin:80 - create IPUIPlugin
2023-04-05 13:52:15,089 [INFO] IPUIPlugin:80 - create IPUIPlugin
2023-04-05 13:52:15,089 [INFO] IPUIPlugin:80 - create IPUIPlugin
2023-04-05 13:52:15,090 [INFO] IPUIPlugin:80 - create IPUIPlugin
2023-04-05 13:52:15,090 [INFO] IPUIPlugin:80 - create IPUIPlugin
2023-04-05 13:52:15,091 [INFO] IPUIPlugin:80 - create IPUIPlugin
2023-04-05 13:52:15,091 [INFO] IPUIPlugin:80 - create IPUIPlugin
2023-04-05 13:52:15,092 [INFO] IPUIPlugin:80 - create IPUIPlugin
2023-04-05 13:52:15,092 [INFO] IPUIPlugin:80 - create IPUIPlugin
2023-04-05 13:52:15,093 [INFO] IPUIPlugin:80 - create IPUIPlugin
2023-04-05 13:52:15,094 [INFO] IPUIPlugin:80 - create IPUIPlugin
2023-04-05 13:52:15,094 [INFO] IPUIPlugin:80 - create IPUIPlugin
2023-04-05 13:52:15,095 [INFO] IPUIPlugin:80 - create IPUIPlugin
2023-04-05 13:52:15,095 [INFO] IPUIPlugin:80 - create IPUIPlugin
2023-04-05 13:52:15,096 [INFO] IPUIPlugin:80 - create IPUIPlugin
2023-04-05 13:52:15,096 [INFO] IPUIPlugin:80 - create IPUIPlugin
2023-04-05 13:52:15,097 [INFO] IPUIPlugin:80 - create IPUIPlugin
2023-04-05 13:52:15,098 [INFO] IPUIPlugin:80 - create IPUIPlugin
2023-04-05 13:52:15,098 [INFO] IPUIPlugin:80 - create IPUIPlugin
2023-04-05 13:52:15,099 [INFO] IPUIPlugin:80 - create IPUIPlugin
2023-04-05 13:52:15,099 [INFO] IPUIPlugin:80 - create IPUIPlugin
2023-04-05 13:52:15,100 [INFO] IPUIPlugin:80 - create IPUIPlugin
2023-04-05 13:52:15,101 [INFO] IPUIPlugin:80 - create IPUIPlugin
2023-04-05 13:52:15,102 [INFO] IPUIPlugin:80 - create IPUIPlugin
2023-04-05 13:52:15,103 [INFO] IPUIPlugin:80 - create IPUIPlugin
2023-04-05 13:52:15,103 [INFO] IPUIPlugin:80 - create IPUIPlugin
2023-04-05 13:52:15,104 [INFO] IPUIPlugin:80 - create IPUIPlugin
2023-04-05 13:52:15,105 [INFO] IPUIPlugin:80 - create IPUIPlugin
2023-04-05 13:52:15,106 [INFO] IPUIPlugin:80 - create IPUIPlugin
2023-04-05 13:52:15,107 [INFO] IPUIPlugin:80 - create IPUIPlugin
2023-04-05 13:52:15,108 [INFO] IPUIPlugin:80 - create IPUIPlugin
2023-04-05 13:52:15,108 [INFO] IPUIPlugin:80 - create IPUIPlugin
2023-04-05 13:52:15,109 [INFO] IPUIPlugin:80 - create IPUIPlugin
2023-04-05 13:52:15,197 [INFO] ApiDbMcu:507 - Load IP Config File for PDM2PCM
2023-04-05 13:52:15,772 [INFO] CADModel:165 - CPN selected for project levelSTM32F746NGH6
2023-04-05 13:52:15,772 [INFO] CADModel:114 - Register for checkConnection events
2023-04-05 13:52:15,862 [INFO] OpenFileManager:328 - Restore cursor
2023-04-05 13:52:37,018 [INFO] NvicIntPanel:101 - NVIC parent = com.st.microxplorer.plugins.ip.nvic.MultiNvicIntPanel[,0,0,450x78,layout=javax.swing.BoxLayout,alignmentX=0.0,alignmentY=0.0,border=,flags=9,maximumSize=,minimumSize=,preferredSize=]
2023-04-05 13:52:39,001 [INFO] NvicIntPanel:101 - NVIC parent = com.st.microxplorer.plugins.ip.nvic.MultiNvicIntPanel[,0,0,0x0,invalid,layout=javax.swing.BoxLayout,alignmentX=0.0,alignmentY=0.0,border=,flags=9,maximumSize=,minimumSize=,preferredSize=]
2023-04-05 13:52:50,600 [INFO] UtilMem:75 - End SaveConfig() Used Memory: 495534376 Bytes (673185792)
2023-04-05 13:52:52,960 [INFO] UtilMem:75 - End SaveConfig() Used Memory: 530376928 Bytes (673185792)
2023-04-05 13:52:57,883 [INFO] ServerAccessManage:473 - Download File stm32cube_fw_f7_v1170.zip
2023-04-05 13:54:24,728 [INFO] AnalyticsPlugin:368 - Accepted License(s): [FW.F7.1.17.0]
2023-04-05 13:54:24,730 [INFO] FileExtend:240 - Unzip File : stm32cube_fw_f7_v1170.zip
2023-04-05 13:54:24,730 [INFO] FileExtend:255 - Standard Zip Deflate
2023-04-05 13:55:30,925 [INFO] LoadServerPackagesThread:196 - End of LoadServerPackages Thread
2023-04-05 13:55:31,118 [INFO] ThirdPartyModel:298 - Start build external matchings
2023-04-05 13:55:31,149 [INFO] UtilMem:75 - End SaveConfig() Used Memory: 519862880 Bytes (1073741824)
2023-04-05 13:55:31,935 [INFO] ThirdPartyModel:316 - End build external matchings
2023-04-05 13:55:31,949 [INFO] CheckServerUpdateThread:120 - End of CheckServer Thread
2023-04-05 13:55:33,029 [INFO] BlockDiagram:2759 - set Specific Code input for plugin: SYS
2023-04-05 13:55:33,030 [INFO] BlockDiagram:2759 - set Specific Code input for plugin: RCC
2023-04-05 13:55:33,031 [INFO] BlockDiagram:2759 - set Specific Code input for plugin: NVIC
2023-04-05 13:55:33,031 [INFO] BlockDiagram:2759 - set Specific Code input for plugin: USART
2023-04-05 13:55:33,033 [INFO] BlockDiagram:2759 - set Specific Code input for plugin: GPIO
2023-04-05 13:55:33,036 [INFO] CodeGenerator:793 - code generatio: config db path: C:\ST\STM32CubeIDE_1.12.0\STM32CubeIDE\plugins\com.st.stm32cube.common.mx_6.8.0.202302231600\\db\
2023-04-05 13:55:33,922 [INFO] CodeEngine:255 - oldGeneratedFile, C:\Users\Judith\Documents\Devoir\3D\3DN\NoyauTempsReel\rtos_td_shell-main\firmware\MXTmpFiles\license.tmp_save
2023-04-05 13:55:34,856 [INFO] CodeEngine:279 - Generated code: C:\Users\Judith\Documents\Devoir\3D\3DN\NoyauTempsReel\rtos_td_shell-main\firmware\MXTmpFiles\license.tmp
2023-04-05 13:55:35,016 [INFO] CodeEngine:255 - oldGeneratedFile, C:\Users\Judith\Documents\Devoir\3D\3DN\NoyauTempsReel\rtos_td_shell-main\firmware\Core\Src\gpio.c_save
2023-04-05 13:55:35,332 [INFO] CodeEngine:279 - Generated code: C:\Users\Judith\Documents\Devoir\3D\3DN\NoyauTempsReel\rtos_td_shell-main\firmware\Core\Src\gpio.c
2023-04-05 13:55:35,349 [INFO] CodeEngine:255 - oldGeneratedFile, C:\Users\Judith\Documents\Devoir\3D\3DN\NoyauTempsReel\rtos_td_shell-main\firmware\Core\Inc\gpio.h_save
2023-04-05 13:55:35,536 [INFO] CodeEngine:279 - Generated code: C:\Users\Judith\Documents\Devoir\3D\3DN\NoyauTempsReel\rtos_td_shell-main\firmware\Core\Inc\gpio.h
2023-04-05 13:55:35,748 [INFO] CodeEngine:255 - oldGeneratedFile, C:\Users\Judith\Documents\Devoir\3D\3DN\NoyauTempsReel\rtos_td_shell-main\firmware\MXTmpFiles\cortex.tmp_save
2023-04-05 13:55:35,960 [INFO] CodeEngine:279 - Generated code: C:\Users\Judith\Documents\Devoir\3D\3DN\NoyauTempsReel\rtos_td_shell-main\firmware\MXTmpFiles\cortex.tmp
2023-04-05 13:55:35,986 [INFO] CodeEngine:255 - oldGeneratedFile, C:\Users\Judith\Documents\Devoir\3D\3DN\NoyauTempsReel\rtos_td_shell-main\firmware\Core\Src\usart.c_save
2023-04-05 13:55:36,314 [INFO] CodeEngine:279 - Generated code: C:\Users\Judith\Documents\Devoir\3D\3DN\NoyauTempsReel\rtos_td_shell-main\firmware\Core\Src\usart.c
2023-04-05 13:55:36,336 [INFO] CodeEngine:255 - oldGeneratedFile, C:\Users\Judith\Documents\Devoir\3D\3DN\NoyauTempsReel\rtos_td_shell-main\firmware\Core\Inc\usart.h_save
2023-04-05 13:55:36,529 [INFO] CodeEngine:279 - Generated code: C:\Users\Judith\Documents\Devoir\3D\3DN\NoyauTempsReel\rtos_td_shell-main\firmware\Core\Inc\usart.h
2023-04-05 13:55:36,565 [INFO] CodeEngine:255 - oldGeneratedFile, C:\Users\Judith\Documents\Devoir\3D\3DN\NoyauTempsReel\rtos_td_shell-main\firmware\Core\Src\stm32f7xx_it.c_save
2023-04-05 13:55:36,833 [INFO] CodeEngine:279 - Generated code: C:\Users\Judith\Documents\Devoir\3D\3DN\NoyauTempsReel\rtos_td_shell-main\firmware\Core\Src\stm32f7xx_it.c
2023-04-05 13:55:36,849 [INFO] CodeEngine:255 - oldGeneratedFile, C:\Users\Judith\Documents\Devoir\3D\3DN\NoyauTempsReel\rtos_td_shell-main\firmware\Core\Inc\stm32f7xx_it.h_save
2023-04-05 13:55:37,031 [INFO] CodeEngine:279 - Generated code: C:\Users\Judith\Documents\Devoir\3D\3DN\NoyauTempsReel\rtos_td_shell-main\firmware\Core\Inc\stm32f7xx_it.h
2023-04-05 13:55:37,068 [INFO] CodeEngine:255 - oldGeneratedFile, C:\Users\Judith\Documents\Devoir\3D\3DN\NoyauTempsReel\rtos_td_shell-main\firmware\Core\Src\stm32f7xx_hal_msp.c_save
2023-04-05 13:55:37,301 [INFO] CodeEngine:279 - Generated code: C:\Users\Judith\Documents\Devoir\3D\3DN\NoyauTempsReel\rtos_td_shell-main\firmware\Core\Src\stm32f7xx_hal_msp.c
2023-04-05 13:55:37,314 [INFO] CodeEngine:255 - oldGeneratedFile, C:\Users\Judith\Documents\Devoir\3D\3DN\NoyauTempsReel\rtos_td_shell-main\firmware\MXTmpFiles\system.tmp_save
2023-04-05 13:55:37,476 [INFO] CodeEngine:279 - Generated code: C:\Users\Judith\Documents\Devoir\3D\3DN\NoyauTempsReel\rtos_td_shell-main\firmware\MXTmpFiles\system.tmp
2023-04-05 13:55:37,488 [INFO] CodeEngine:255 - oldGeneratedFile, C:\Users\Judith\Documents\Devoir\3D\3DN\NoyauTempsReel\rtos_td_shell-main\firmware\Core\Src\stm32f7xx_hal_timebase_tim.c_save
2023-04-05 13:55:37,709 [INFO] CodeEngine:279 - Generated code: C:\Users\Judith\Documents\Devoir\3D\3DN\NoyauTempsReel\rtos_td_shell-main\firmware\Core\Src\stm32f7xx_hal_timebase_tim.c
2023-04-05 13:55:37,754 [INFO] CodeEngine:311 - oldGeneratedFile, C:\Users\Judith\Documents\Devoir\3D\3DN\NoyauTempsReel\rtos_td_shell-main\firmware\Core\Inc\stm32f7xx_hal_conf.h_save
2023-04-05 13:55:37,935 [INFO] CodeEngine:335 - Generated code: C:\Users\Judith\Documents\Devoir\3D\3DN\NoyauTempsReel\rtos_td_shell-main\firmware\Core\Inc\stm32f7xx_hal_conf.h
2023-04-05 13:55:38,091 [INFO] CodeEngine:255 - oldGeneratedFile, C:\Users\Judith\Documents\Devoir\3D\3DN\NoyauTempsReel\rtos_td_shell-main\firmware\Core\Inc\main.h_save
2023-04-05 13:55:38,370 [INFO] CodeEngine:279 - Generated code: C:\Users\Judith\Documents\Devoir\3D\3DN\NoyauTempsReel\rtos_td_shell-main\firmware\Core\Inc\main.h
2023-04-05 13:55:38,392 [INFO] CodeEngine:255 - oldGeneratedFile, C:\Users\Judith\Documents\Devoir\3D\3DN\NoyauTempsReel\rtos_td_shell-main\firmware\Core\Src\main.c_save
2023-04-05 13:55:38,770 [INFO] CodeEngine:279 - Generated code: C:\Users\Judith\Documents\Devoir\3D\3DN\NoyauTempsReel\rtos_td_shell-main\firmware\Core\Src\main.c
2023-04-05 13:55:40,451 [INFO] ProjectBuilder:2996 - Time for Copy HAL[1] : 478mS.
2023-04-05 13:55:40,482 [INFO] ProjectBuilder:4304 - Project Generator version: 3.19.2
2023-04-05 13:55:41,047 [INFO] ConfigFileManager:1483 - The Die is : DIE449
2023-04-05 13:55:41,061 [INFO] ApiDbMcu:507 - Load IP Config File for FATFS
2023-04-05 13:55:41,070 [INFO] ApiDbMcu:507 - Load IP Config File for FREERTOS
2023-04-05 13:55:41,074 [INFO] ApiDbMcu:507 - Load IP Config File for LIBJPEG
2023-04-05 13:55:41,086 [INFO] ApiDbMcu:507 - Load IP Config File for LWIP
2023-04-05 13:55:41,097 [INFO] ApiDbMcu:507 - Load IP Config File for MBEDTLS
2023-04-05 13:55:41,113 [INFO] ApiDbMcu:507 - Load IP Config File for USB_DEVICE
2023-04-05 13:55:41,121 [INFO] ApiDbMcu:507 - Load IP Config File for USB_HOST
2023-04-05 13:55:43,207 [INFO] LogOutputStream:77 - [STDOUT_REDIRECT] 
2023-04-05 13:55:47,202 [INFO] ProjectBuilder:4505 - Time for Generating toolchain IDE Files: 6718mS.
2023-04-05 13:55:47,205 [INFO] ProjectBuilder:2867 - Time for Copy CMSIS : 1mS.
2023-04-05 13:55:47,213 [INFO] ProjectBuilder:2867 - Time for Copy CMSIS : 0mS.
